{"C:\\Users\\yuval\\Desktop\\College of Management\\lastYear2025\\WebApp\\Hiasatarotze\\server.ts": {"path":"C:\\Users\\yuval\\Desktop\\College of Management\\lastYear2025\\WebApp\\Hiasatarotze\\server.ts","statementMap":{"0":{"start":{"line":1,"column":0},"end":{"line":1,"column":23}},"1":{"start":{"line":2,"column":0},"end":{"line":2,"column":30}},"2":{"start":{"line":3,"column":0},"end":{"line":3,"column":32}},"3":{"start":{"line":4,"column":0},"end":{"line":4,"column":37}},"4":{"start":{"line":5,"column":0},"end":{"line":5,"column":49}},"5":{"start":{"line":6,"column":0},"end":{"line":6,"column":55}},"6":{"start":{"line":7,"column":0},"end":{"line":7,"column":49}},"7":{"start":{"line":8,"column":0},"end":{"line":8,"column":47}},"8":{"start":{"line":9,"column":0},"end":{"line":9,"column":43}},"9":{"start":{"line":10,"column":0},"end":{"line":10,"column":41}},"10":{"start":{"line":12,"column":16},"end":{"line":23,"column":2}},"11":{"start":{"line":24,"column":14},"end":{"line":24,"column":35}},"12":{"start":{"line":26,"column":23},"end":{"line":49,"column":2}},"13":{"start":{"line":26,"column":34},"end":{"line":49,"column":2}},"14":{"start":{"line":27,"column":14},"end":{"line":27,"column":23}},"15":{"start":{"line":28,"column":2},"end":{"line":28,"column":64}},"16":{"start":{"line":30,"column":2},"end":{"line":33,"column":4}},"17":{"start":{"line":34,"column":2},"end":{"line":36,"column":5}},"18":{"start":{"line":35,"column":4},"end":{"line":35,"column":45}},"19":{"start":{"line":38,"column":2},"end":{"line":38,"column":70}},"20":{"start":{"line":40,"column":2},"end":{"line":40,"column":29}},"21":{"start":{"line":41,"column":2},"end":{"line":41,"column":53}},"22":{"start":{"line":43,"column":2},"end":{"line":43,"column":34}},"23":{"start":{"line":44,"column":2},"end":{"line":44,"column":40}},"24":{"start":{"line":45,"column":2},"end":{"line":45,"column":34}},"25":{"start":{"line":46,"column":2},"end":{"line":46,"column":32}},"26":{"start":{"line":48,"column":2},"end":{"line":48,"column":13}},"27":{"start":{"line":26,"column":13},"end":{"line":26,"column":23}}},"fnMap":{"0":{"name":"(anonymous_8)","decl":{"start":{"line":26,"column":23},"end":{"line":26,"column":32}},"loc":{"start":{"line":26,"column":34},"end":{"line":49,"column":2}}},"1":{"name":"(anonymous_9)","decl":{"start":{"line":26,"column":34},"end":{"line":26,"column":null}},"loc":{"start":{"line":26,"column":34},"end":{"line":49,"column":1}}},"2":{"name":"(anonymous_10)","decl":{"start":{"line":34,"column":33},"end":{"line":34,"column":null}},"loc":{"start":{"line":34,"column":33},"end":{"line":36,"column":3}}}},"branchMap":{"0":{"loc":{"start":{"line":38,"column":25},"end":{"line":38,"column":68}},"type":"cond-expr","locations":[{"start":{"line":38,"column":47},"end":{"line":38,"column":51}},{"start":{"line":38,"column":51},"end":{"line":38,"column":68}}]},"1":{"loc":{"start":{"line":38,"column":25},"end":{"line":38,"column":51}},"type":"binary-expr","locations":[{"start":{"line":38,"column":25},"end":{"line":38,"column":51}},{"start":{"line":38,"column":47},"end":{"line":38,"column":51}}]}},"s":{"0":4,"1":4,"2":4,"3":4,"4":4,"5":4,"6":4,"7":4,"8":4,"9":4,"10":4,"11":4,"12":4,"13":4,"14":4,"15":4,"16":4,"17":4,"18":4,"19":4,"20":4,"21":4,"22":4,"23":4,"24":4,"25":4,"26":4,"27":4},"f":{"0":4,"1":4,"2":4},"b":{"0":[4,0],"1":[4,4]}}
,"C:\\Users\\yuval\\Desktop\\College of Management\\lastYear2025\\WebApp\\Hiasatarotze\\controllers\\auth_controller.ts": {"path":"C:\\Users\\yuval\\Desktop\\College of Management\\lastYear2025\\WebApp\\Hiasatarotze\\controllers\\auth_controller.ts","statementMap":{"0":{"start":{"line":6,"column":0},"end":{"line":6,"column":40}},"1":{"start":{"line":7,"column":0},"end":{"line":7,"column":28}},"2":{"start":{"line":8,"column":0},"end":{"line":8,"column":31}},"3":{"start":{"line":9,"column":0},"end":{"line":9,"column":23}},"4":{"start":{"line":13,"column":2},"end":{"line":16,"column":5}},"5":{"start":{"line":19,"column":17},"end":{"line":50,"column":2}},"6":{"start":{"line":19,"column":55},"end":{"line":50,"column":2}},"7":{"start":{"line":20,"column":2},"end":{"line":20,"column":42}},"8":{"start":{"line":22,"column":40},"end":{"line":22,"column":48}},"9":{"start":{"line":24,"column":2},"end":{"line":26,"column":3}},"10":{"start":{"line":25,"column":4},"end":{"line":25,"column":61}},"11":{"start":{"line":28,"column":2},"end":{"line":35,"column":3}},"12":{"start":{"line":29,"column":17},"end":{"line":29,"column":53}},"13":{"start":{"line":30,"column":4},"end":{"line":32,"column":5}},"14":{"start":{"line":31,"column":6},"end":{"line":31,"column":51}},"15":{"start":{"line":34,"column":4},"end":{"line":34,"column":51}},"16":{"start":{"line":37,"column":2},"end":{"line":49,"column":3}},"17":{"start":{"line":38,"column":17},"end":{"line":38,"column":41}},"18":{"start":{"line":39,"column":30},"end":{"line":39,"column":63}},"19":{"start":{"line":40,"column":17},"end":{"line":44,"column":6}},"20":{"start":{"line":45,"column":20},"end":{"line":45,"column":37}},"21":{"start":{"line":46,"column":4},"end":{"line":46,"column":34}},"22":{"start":{"line":48,"column":4},"end":{"line":48,"column":53}},"23":{"start":{"line":52,"column":23},"end":{"line":81,"column":1}},"24":{"start":{"line":58,"column":17},"end":{"line":58,"column":52}},"25":{"start":{"line":59,"column":2},"end":{"line":61,"column":3}},"26":{"start":{"line":60,"column":4},"end":{"line":60,"column":16}},"27":{"start":{"line":62,"column":22},"end":{"line":68,"column":null}},"28":{"start":{"line":71,"column":23},"end":{"line":77,"column":null}},"29":{"start":{"line":80,"column":2},"end":{"line":80,"column":39}},"30":{"start":{"line":83,"column":14},"end":{"line":124,"column":2}},"31":{"start":{"line":83,"column":52},"end":{"line":124,"column":2}},"32":{"start":{"line":84,"column":2},"end":{"line":84,"column":39}},"33":{"start":{"line":85,"column":40},"end":{"line":85,"column":48}},"34":{"start":{"line":87,"column":2},"end":{"line":89,"column":3}},"35":{"start":{"line":88,"column":4},"end":{"line":88,"column":57}},"36":{"start":{"line":91,"column":2},"end":{"line":123,"column":3}},"37":{"start":{"line":92,"column":17},"end":{"line":92,"column":53}},"38":{"start":{"line":93,"column":4},"end":{"line":95,"column":5}},"39":{"start":{"line":94,"column":6},"end":{"line":94,"column":59}},"40":{"start":{"line":97,"column":26},"end":{"line":97,"column":71}},"41":{"start":{"line":98,"column":4},"end":{"line":100,"column":5}},"42":{"start":{"line":99,"column":6},"end":{"line":99,"column":59}},"43":{"start":{"line":102,"column":27},"end":{"line":102,"column":46}},"44":{"start":{"line":103,"column":19},"end":{"line":103,"column":41}},"45":{"start":{"line":104,"column":4},"end":{"line":107,"column":5}},"46":{"start":{"line":105,"column":6},"end":{"line":105,"column":57}},"47":{"start":{"line":106,"column":6},"end":{"line":106,"column":13}},"48":{"start":{"line":109,"column":4},"end":{"line":111,"column":5}},"49":{"start":{"line":110,"column":6},"end":{"line":110,"column":30}},"50":{"start":{"line":112,"column":4},"end":{"line":112,"column":49}},"51":{"start":{"line":113,"column":4},"end":{"line":113,"column":22}},"52":{"start":{"line":114,"column":4},"end":{"line":120,"column":7}},"53":{"start":{"line":122,"column":4},"end":{"line":122,"column":20}},"54":{"start":{"line":126,"column":15},"end":{"line":172,"column":2}},"55":{"start":{"line":126,"column":53},"end":{"line":172,"column":2}},"56":{"start":{"line":127,"column":2},"end":{"line":127,"column":40}},"57":{"start":{"line":128,"column":23},"end":{"line":128,"column":44}},"58":{"start":{"line":129,"column":2},"end":{"line":132,"column":3}},"59":{"start":{"line":130,"column":4},"end":{"line":130,"column":50}},"60":{"start":{"line":131,"column":4},"end":{"line":131,"column":11}},"61":{"start":{"line":134,"column":2},"end":{"line":137,"column":3}},"62":{"start":{"line":135,"column":4},"end":{"line":135,"column":55}},"63":{"start":{"line":136,"column":4},"end":{"line":136,"column":11}},"64":{"start":{"line":139,"column":2},"end":{"line":171,"column":4}},"65":{"start":{"line":142,"column":34},"end":{"line":170,"column":null}},"66":{"start":{"line":143,"column":6},"end":{"line":146,"column":7}},"67":{"start":{"line":144,"column":8},"end":{"line":144,"column":46}},"68":{"start":{"line":145,"column":8},"end":{"line":145,"column":15}},"69":{"start":{"line":148,"column":22},"end":{"line":148,"column":42}},"70":{"start":{"line":149,"column":6},"end":{"line":169,"column":7}},"71":{"start":{"line":150,"column":21},"end":{"line":150,"column":62}},"72":{"start":{"line":151,"column":8},"end":{"line":154,"column":9}},"73":{"start":{"line":152,"column":10},"end":{"line":152,"column":49}},"74":{"start":{"line":153,"column":10},"end":{"line":153,"column":17}},"75":{"start":{"line":155,"column":8},"end":{"line":160,"column":9}},"76":{"start":{"line":156,"column":10},"end":{"line":156,"column":56}},"77":{"start":{"line":157,"column":10},"end":{"line":157,"column":34}},"78":{"start":{"line":158,"column":10},"end":{"line":158,"column":28}},"79":{"start":{"line":159,"column":10},"end":{"line":159,"column":17}},"80":{"start":{"line":161,"column":23},"end":{"line":162,"column":null}},"81":{"start":{"line":162,"column":21},"end":{"line":162,"column":43}},"82":{"start":{"line":164,"column":8},"end":{"line":164,"column":36}},"83":{"start":{"line":165,"column":8},"end":{"line":165,"column":26}},"84":{"start":{"line":166,"column":8},"end":{"line":166,"column":43}},"85":{"start":{"line":168,"column":8},"end":{"line":168,"column":46}},"86":{"start":{"line":174,"column":16},"end":{"line":235,"column":2}},"87":{"start":{"line":174,"column":54},"end":{"line":235,"column":2}},"88":{"start":{"line":176,"column":23},"end":{"line":176,"column":44}},"89":{"start":{"line":177,"column":2},"end":{"line":180,"column":3}},"90":{"start":{"line":178,"column":4},"end":{"line":178,"column":42}},"91":{"start":{"line":179,"column":4},"end":{"line":179,"column":11}},"92":{"start":{"line":181,"column":2},"end":{"line":184,"column":3}},"93":{"start":{"line":182,"column":4},"end":{"line":182,"column":55}},"94":{"start":{"line":183,"column":4},"end":{"line":183,"column":11}},"95":{"start":{"line":185,"column":2},"end":{"line":234,"column":4}},"96":{"start":{"line":188,"column":34},"end":{"line":233,"column":null}},"97":{"start":{"line":189,"column":6},"end":{"line":192,"column":7}},"98":{"start":{"line":190,"column":8},"end":{"line":190,"column":46}},"99":{"start":{"line":191,"column":8},"end":{"line":191,"column":15}},"100":{"start":{"line":194,"column":22},"end":{"line":194,"column":42}},"101":{"start":{"line":195,"column":6},"end":{"line":232,"column":7}},"102":{"start":{"line":196,"column":21},"end":{"line":196,"column":61}},"103":{"start":{"line":197,"column":8},"end":{"line":200,"column":9}},"104":{"start":{"line":198,"column":10},"end":{"line":198,"column":48}},"105":{"start":{"line":199,"column":10},"end":{"line":199,"column":17}},"106":{"start":{"line":202,"column":8},"end":{"line":207,"column":9}},"107":{"start":{"line":203,"column":10},"end":{"line":203,"column":34}},"108":{"start":{"line":204,"column":10},"end":{"line":204,"column":28}},"109":{"start":{"line":205,"column":10},"end":{"line":205,"column":48}},"110":{"start":{"line":206,"column":10},"end":{"line":206,"column":17}},"111":{"start":{"line":209,"column":26},"end":{"line":209,"column":61}},"112":{"start":{"line":210,"column":8},"end":{"line":215,"column":9}},"113":{"start":{"line":211,"column":10},"end":{"line":211,"column":34}},"114":{"start":{"line":212,"column":10},"end":{"line":212,"column":28}},"115":{"start":{"line":213,"column":10},"end":{"line":213,"column":61}},"116":{"start":{"line":214,"column":10},"end":{"line":214,"column":17}},"117":{"start":{"line":218,"column":8},"end":{"line":220,"column":10}},"118":{"start":{"line":219,"column":21},"end":{"line":219,"column":43}},"119":{"start":{"line":222,"column":8},"end":{"line":222,"column":56}},"120":{"start":{"line":223,"column":8},"end":{"line":223,"column":26}},"121":{"start":{"line":226,"column":8},"end":{"line":229,"column":11}},"122":{"start":{"line":231,"column":8},"end":{"line":231,"column":46}},"123":{"start":{"line":237,"column":30},"end":{"line":261,"column":1}},"124":{"start":{"line":242,"column":21},"end":{"line":242,"column":49}},"125":{"start":{"line":243,"column":16},"end":{"line":243,"column":54}},"126":{"start":{"line":244,"column":2},"end":{"line":247,"column":3}},"127":{"start":{"line":245,"column":4},"end":{"line":245,"column":42}},"128":{"start":{"line":246,"column":4},"end":{"line":246,"column":11}},"129":{"start":{"line":248,"column":2},"end":{"line":251,"column":3}},"130":{"start":{"line":249,"column":4},"end":{"line":249,"column":55}},"131":{"start":{"line":250,"column":4},"end":{"line":250,"column":11}},"132":{"start":{"line":252,"column":2},"end":{"line":260,"column":5}},"133":{"start":{"line":253,"column":4},"end":{"line":256,"column":5}},"134":{"start":{"line":254,"column":6},"end":{"line":254,"column":44}},"135":{"start":{"line":255,"column":6},"end":{"line":255,"column":13}},"136":{"start":{"line":257,"column":20},"end":{"line":257,"column":40}},"137":{"start":{"line":258,"column":4},"end":{"line":258,"column":35}},"138":{"start":{"line":259,"column":4},"end":{"line":259,"column":11}},"139":{"start":{"line":237,"column":13},"end":{"line":237,"column":30}},"140":{"start":{"line":263,"column":0},"end":{"line":268,"column":2}}},"fnMap":{"0":{"name":"sendError","decl":{"start":{"line":12,"column":9},"end":{"line":12,"column":18}},"loc":{"start":{"line":12,"column":45},"end":{"line":17,"column":1}}},"1":{"name":"(anonymous_9)","decl":{"start":{"line":19,"column":17},"end":{"line":19,"column":24}},"loc":{"start":{"line":19,"column":55},"end":{"line":50,"column":2}}},"2":{"name":"(anonymous_10)","decl":{"start":{"line":19,"column":55},"end":{"line":19,"column":null}},"loc":{"start":{"line":19,"column":55},"end":{"line":50,"column":1}}},"3":{"name":"(anonymous_11)","decl":{"start":{"line":52,"column":23},"end":{"line":52,"column":null}},"loc":{"start":{"line":57,"column":11},"end":{"line":81,"column":1}}},"4":{"name":"(anonymous_12)","decl":{"start":{"line":83,"column":14},"end":{"line":83,"column":21}},"loc":{"start":{"line":83,"column":52},"end":{"line":124,"column":2}}},"5":{"name":"(anonymous_13)","decl":{"start":{"line":83,"column":52},"end":{"line":83,"column":null}},"loc":{"start":{"line":83,"column":52},"end":{"line":124,"column":1}}},"6":{"name":"(anonymous_14)","decl":{"start":{"line":126,"column":15},"end":{"line":126,"column":22}},"loc":{"start":{"line":126,"column":53},"end":{"line":172,"column":2}}},"7":{"name":"(anonymous_15)","decl":{"start":{"line":126,"column":53},"end":{"line":126,"column":null}},"loc":{"start":{"line":126,"column":53},"end":{"line":172,"column":1}}},"8":{"name":"(anonymous_16)","decl":{"start":{"line":142,"column":4},"end":{"line":142,"column":11}},"loc":{"start":{"line":142,"column":34},"end":{"line":170,"column":null}}},"9":{"name":"(anonymous_17)","decl":{"start":{"line":142,"column":34},"end":{"line":142,"column":null}},"loc":{"start":{"line":142,"column":34},"end":{"line":170,"column":5}}},"10":{"name":"(anonymous_18)","decl":{"start":{"line":162,"column":10},"end":{"line":162,"column":11}},"loc":{"start":{"line":162,"column":21},"end":{"line":162,"column":43}}},"11":{"name":"(anonymous_19)","decl":{"start":{"line":174,"column":16},"end":{"line":174,"column":23}},"loc":{"start":{"line":174,"column":54},"end":{"line":235,"column":2}}},"12":{"name":"(anonymous_20)","decl":{"start":{"line":174,"column":54},"end":{"line":174,"column":null}},"loc":{"start":{"line":174,"column":54},"end":{"line":235,"column":1}}},"13":{"name":"(anonymous_21)","decl":{"start":{"line":188,"column":4},"end":{"line":188,"column":11}},"loc":{"start":{"line":188,"column":34},"end":{"line":233,"column":null}}},"14":{"name":"(anonymous_22)","decl":{"start":{"line":188,"column":34},"end":{"line":188,"column":null}},"loc":{"start":{"line":188,"column":34},"end":{"line":233,"column":5}}},"15":{"name":"(anonymous_23)","decl":{"start":{"line":219,"column":10},"end":{"line":219,"column":11}},"loc":{"start":{"line":219,"column":21},"end":{"line":219,"column":43}}},"16":{"name":"(anonymous_24)","decl":{"start":{"line":237,"column":30},"end":{"line":237,"column":null}},"loc":{"start":{"line":241,"column":4},"end":{"line":261,"column":1}}},"17":{"name":"(anonymous_25)","decl":{"start":{"line":252,"column":46},"end":{"line":252,"column":47}},"loc":{"start":{"line":252,"column":60},"end":{"line":260,"column":3}}}},"branchMap":{"0":{"loc":{"start":{"line":24,"column":2},"end":{"line":26,"column":3}},"type":"if","locations":[{"start":{"line":24,"column":2},"end":{"line":26,"column":3}}]},"1":{"loc":{"start":{"line":24,"column":6},"end":{"line":24,"column":25}},"type":"binary-expr","locations":[{"start":{"line":24,"column":6},"end":{"line":24,"column":12}},{"start":{"line":24,"column":16},"end":{"line":24,"column":25}}]},"2":{"loc":{"start":{"line":30,"column":4},"end":{"line":32,"column":5}},"type":"if","locations":[{"start":{"line":30,"column":4},"end":{"line":32,"column":5}}]},"3":{"loc":{"start":{"line":59,"column":2},"end":{"line":61,"column":3}},"type":"if","locations":[{"start":{"line":59,"column":2},"end":{"line":61,"column":3}}]},"4":{"loc":{"start":{"line":87,"column":2},"end":{"line":89,"column":3}},"type":"if","locations":[{"start":{"line":87,"column":2},"end":{"line":89,"column":3}}]},"5":{"loc":{"start":{"line":87,"column":6},"end":{"line":87,"column":25}},"type":"binary-expr","locations":[{"start":{"line":87,"column":6},"end":{"line":87,"column":12}},{"start":{"line":87,"column":16},"end":{"line":87,"column":25}}]},"6":{"loc":{"start":{"line":93,"column":4},"end":{"line":95,"column":5}},"type":"if","locations":[{"start":{"line":93,"column":4},"end":{"line":95,"column":5}}]},"7":{"loc":{"start":{"line":98,"column":4},"end":{"line":100,"column":5}},"type":"if","locations":[{"start":{"line":98,"column":4},"end":{"line":100,"column":5}}]},"8":{"loc":{"start":{"line":104,"column":4},"end":{"line":107,"column":5}},"type":"if","locations":[{"start":{"line":104,"column":4},"end":{"line":107,"column":5}}]},"9":{"loc":{"start":{"line":109,"column":4},"end":{"line":111,"column":5}},"type":"if","locations":[{"start":{"line":109,"column":4},"end":{"line":111,"column":5}}]},"10":{"loc":{"start":{"line":129,"column":2},"end":{"line":132,"column":3}},"type":"if","locations":[{"start":{"line":129,"column":2},"end":{"line":132,"column":3}}]},"11":{"loc":{"start":{"line":134,"column":2},"end":{"line":137,"column":3}},"type":"if","locations":[{"start":{"line":134,"column":2},"end":{"line":137,"column":3}}]},"12":{"loc":{"start":{"line":143,"column":6},"end":{"line":146,"column":7}},"type":"if","locations":[{"start":{"line":143,"column":6},"end":{"line":146,"column":7}}]},"13":{"loc":{"start":{"line":151,"column":8},"end":{"line":154,"column":9}},"type":"if","locations":[{"start":{"line":151,"column":8},"end":{"line":154,"column":9}}]},"14":{"loc":{"start":{"line":155,"column":8},"end":{"line":160,"column":9}},"type":"if","locations":[{"start":{"line":155,"column":8},"end":{"line":160,"column":9}}]},"15":{"loc":{"start":{"line":155,"column":12},"end":{"line":155,"column":77}},"type":"binary-expr","locations":[{"start":{"line":155,"column":12},"end":{"line":155,"column":31}},{"start":{"line":155,"column":35},"end":{"line":155,"column":77}}]},"16":{"loc":{"start":{"line":177,"column":2},"end":{"line":180,"column":3}},"type":"if","locations":[{"start":{"line":177,"column":2},"end":{"line":180,"column":3}}]},"17":{"loc":{"start":{"line":181,"column":2},"end":{"line":184,"column":3}},"type":"if","locations":[{"start":{"line":181,"column":2},"end":{"line":184,"column":3}}]},"18":{"loc":{"start":{"line":189,"column":6},"end":{"line":192,"column":7}},"type":"if","locations":[{"start":{"line":189,"column":6},"end":{"line":192,"column":7}}]},"19":{"loc":{"start":{"line":197,"column":8},"end":{"line":200,"column":9}},"type":"if","locations":[{"start":{"line":197,"column":8},"end":{"line":200,"column":9}}]},"20":{"loc":{"start":{"line":202,"column":8},"end":{"line":207,"column":9}},"type":"if","locations":[{"start":{"line":202,"column":8},"end":{"line":207,"column":9}}]},"21":{"loc":{"start":{"line":202,"column":12},"end":{"line":202,"column":77}},"type":"binary-expr","locations":[{"start":{"line":202,"column":12},"end":{"line":202,"column":31}},{"start":{"line":202,"column":35},"end":{"line":202,"column":77}}]},"22":{"loc":{"start":{"line":210,"column":8},"end":{"line":215,"column":9}},"type":"if","locations":[{"start":{"line":210,"column":8},"end":{"line":215,"column":9}}]},"23":{"loc":{"start":{"line":243,"column":16},"end":{"line":243,"column":54}},"type":"binary-expr","locations":[{"start":{"line":243,"column":16},"end":{"line":243,"column":26}},{"start":{"line":243,"column":30},"end":{"line":243,"column":54}}]},"24":{"loc":{"start":{"line":244,"column":2},"end":{"line":247,"column":3}},"type":"if","locations":[{"start":{"line":244,"column":2},"end":{"line":247,"column":3}}]},"25":{"loc":{"start":{"line":248,"column":2},"end":{"line":251,"column":3}},"type":"if","locations":[{"start":{"line":248,"column":2},"end":{"line":251,"column":3}}]},"26":{"loc":{"start":{"line":253,"column":4},"end":{"line":256,"column":5}},"type":"if","locations":[{"start":{"line":253,"column":4},"end":{"line":256,"column":5}}]}},"s":{"0":4,"1":4,"2":4,"3":4,"4":5,"5":4,"6":6,"7":6,"8":6,"9":6,"10":1,"11":5,"12":5,"13":5,"14":2,"15":0,"16":3,"17":3,"18":3,"19":3,"20":3,"21":3,"22":0,"23":4,"24":8,"25":8,"26":0,"27":8,"28":8,"29":8,"30":4,"31":8,"32":8,"33":8,"34":8,"35":1,"36":7,"37":7,"38":7,"39":1,"40":6,"41":6,"42":0,"43":6,"44":6,"45":6,"46":0,"47":0,"48":6,"49":0,"50":6,"51":6,"52":6,"53":0,"54":4,"55":2,"56":2,"57":2,"58":2,"59":1,"60":1,"61":1,"62":0,"63":0,"64":1,"65":1,"66":1,"67":0,"68":0,"69":1,"70":1,"71":1,"72":1,"73":0,"74":0,"75":1,"76":0,"77":0,"78":0,"79":0,"80":1,"81":2,"82":1,"83":1,"84":1,"85":0,"86":4,"87":6,"88":6,"89":6,"90":1,"91":1,"92":5,"93":0,"94":0,"95":5,"96":5,"97":5,"98":0,"99":0,"100":5,"101":5,"102":5,"103":5,"104":0,"105":0,"106":5,"107":3,"108":3,"109":3,"110":3,"111":2,"112":2,"113":0,"114":0,"115":0,"116":0,"117":2,"118":3,"119":2,"120":2,"121":2,"122":0,"123":4,"124":36,"125":36,"126":36,"127":1,"128":1,"129":35,"130":0,"131":0,"132":35,"133":35,"134":1,"135":1,"136":34,"137":34,"138":34,"139":4,"140":4},"f":{"0":5,"1":6,"2":6,"3":8,"4":8,"5":8,"6":2,"7":2,"8":1,"9":1,"10":2,"11":6,"12":6,"13":5,"14":5,"15":3,"16":36,"17":35},"b":{"0":[1],"1":[6,5],"2":[2],"3":[0],"4":[1],"5":[8,8],"6":[1],"7":[0],"8":[0],"9":[0],"10":[1],"11":[0],"12":[0],"13":[0],"14":[0],"15":[1,1],"16":[1],"17":[0],"18":[0],"19":[0],"20":[3],"21":[5,5],"22":[0],"23":[36,35],"24":[1],"25":[0],"26":[1]}}
,"C:\\Users\\yuval\\Desktop\\College of Management\\lastYear2025\\WebApp\\Hiasatarotze\\controllers\\base_controller.ts": {"path":"C:\\Users\\yuval\\Desktop\\College of Management\\lastYear2025\\WebApp\\Hiasatarotze\\controllers\\base_controller.ts","statementMap":{"0":{"start":{"line":5,"column":31},"end":{"line":5,"column":46}},"1":{"start":{"line":7,"column":16},"end":{"line":7,"column":40}},"2":{"start":{"line":8,"column":4},"end":{"line":13,"column":5}},"3":{"start":{"line":9,"column":23},"end":{"line":9,"column":39}},"4":{"start":{"line":10,"column":6},"end":{"line":10,"column":37}},"5":{"start":{"line":12,"column":6},"end":{"line":12,"column":42}},"6":{"start":{"line":16,"column":12},"end":{"line":23,"column":null}},"7":{"start":{"line":17,"column":4},"end":{"line":22,"column":5}},"8":{"start":{"line":18,"column":19},"end":{"line":18,"column":47}},"9":{"start":{"line":19,"column":6},"end":{"line":19,"column":21}},"10":{"start":{"line":21,"column":6},"end":{"line":21,"column":42}},"11":{"start":{"line":26,"column":4},"end":{"line":35,"column":5}},"12":{"start":{"line":27,"column":18},"end":{"line":27,"column":51}},"13":{"start":{"line":28,"column":6},"end":{"line":31,"column":7}},"14":{"start":{"line":29,"column":8},"end":{"line":29,"column":42}},"15":{"start":{"line":30,"column":8},"end":{"line":30,"column":15}},"16":{"start":{"line":32,"column":6},"end":{"line":32,"column":20}},"17":{"start":{"line":34,"column":6},"end":{"line":34,"column":42}},"18":{"start":{"line":39,"column":4},"end":{"line":51,"column":5}},"19":{"start":{"line":40,"column":6},"end":{"line":48,"column":7}},"20":{"start":{"line":41,"column":20},"end":{"line":41,"column":28}},"21":{"start":{"line":42,"column":23},"end":{"line":44,"column":10}},"22":{"start":{"line":45,"column":8},"end":{"line":45,"column":37}},"23":{"start":{"line":47,"column":8},"end":{"line":47,"column":44}},"24":{"start":{"line":50,"column":6},"end":{"line":50,"column":43}},"25":{"start":{"line":55,"column":4},"end":{"line":64,"column":5}},"26":{"start":{"line":56,"column":6},"end":{"line":61,"column":7}},"27":{"start":{"line":57,"column":8},"end":{"line":57,"column":47}},"28":{"start":{"line":58,"column":8},"end":{"line":58,"column":31}},"29":{"start":{"line":60,"column":8},"end":{"line":60,"column":44}},"30":{"start":{"line":63,"column":6},"end":{"line":63,"column":43}},"31":{"start":{"line":68,"column":25},"end":{"line":68,"column":74}},"32":{"start":{"line":68,"column":49},"end":{"line":68,"column":74}},"33":{"start":{"line":69,"column":0},"end":{"line":69,"column":32}}},"fnMap":{"0":{"name":"(anonymous_7)","decl":{"start":{"line":5,"column":2},"end":{"line":5,"column":31}},"loc":{"start":{"line":5,"column":46},"end":{"line":5,"column":50}}},"1":{"name":"(anonymous_8)","decl":{"start":{"line":6,"column":8},"end":{"line":6,"column":12}},"loc":{"start":{"line":6,"column":40},"end":{"line":14,"column":null}}},"2":{"name":"(anonymous_10)","decl":{"start":{"line":16,"column":8},"end":{"line":16,"column":11}},"loc":{"start":{"line":16,"column":11},"end":{"line":23,"column":null}}},"3":{"name":"(anonymous_11)","decl":{"start":{"line":16,"column":12},"end":{"line":16,"column":24}},"loc":{"start":{"line":16,"column":67},"end":{"line":23,"column":3}}},"4":{"name":"(anonymous_12)","decl":{"start":{"line":25,"column":8},"end":{"line":25,"column":15}},"loc":{"start":{"line":25,"column":56},"end":{"line":36,"column":null}}},"5":{"name":"(anonymous_14)","decl":{"start":{"line":38,"column":8},"end":{"line":38,"column":11}},"loc":{"start":{"line":38,"column":51},"end":{"line":52,"column":null}}},"6":{"name":"(anonymous_16)","decl":{"start":{"line":54,"column":8},"end":{"line":54,"column":14}},"loc":{"start":{"line":54,"column":54},"end":{"line":65,"column":null}}},"7":{"name":"(anonymous_18)","decl":{"start":{"line":68,"column":25},"end":{"line":68,"column":29}},"loc":{"start":{"line":68,"column":49},"end":{"line":68,"column":74}}}},"branchMap":{"0":{"loc":{"start":{"line":16,"column":41},"end":{"line":16,"column":67}},"type":"default-arg","locations":[{"start":{"line":16,"column":65},"end":{"line":16,"column":67}}]},"1":{"loc":{"start":{"line":28,"column":6},"end":{"line":31,"column":7}},"type":"if","locations":[{"start":{"line":28,"column":6},"end":{"line":31,"column":7}}]},"2":{"loc":{"start":{"line":39,"column":4},"end":{"line":51,"column":5}},"type":"if","locations":[{"start":{"line":39,"column":4},"end":{"line":51,"column":5}},{"start":{"line":49,"column":11},"end":{"line":51,"column":5}}]},"3":{"loc":{"start":{"line":55,"column":4},"end":{"line":64,"column":5}},"type":"if","locations":[{"start":{"line":55,"column":4},"end":{"line":64,"column":5}},{"start":{"line":62,"column":11},"end":{"line":64,"column":5}}]}},"s":{"0":12,"1":13,"2":13,"3":13,"4":12,"5":1,"6":8,"7":8,"8":8,"9":8,"10":0,"11":6,"12":6,"13":5,"14":3,"15":3,"16":2,"17":1,"18":3,"19":3,"20":3,"21":3,"22":3,"23":0,"24":0,"25":4,"26":4,"27":4,"28":4,"29":0,"30":0,"31":4,"32":12,"33":4},"f":{"0":12,"1":13,"2":8,"3":8,"4":6,"5":3,"6":4,"7":12},"b":{"0":[5],"1":[3],"2":[3,0],"3":[4,0]}}
,"C:\\Users\\yuval\\Desktop\\College of Management\\lastYear2025\\WebApp\\Hiasatarotze\\controllers\\comments_controllers.ts": {"path":"C:\\Users\\yuval\\Desktop\\College of Management\\lastYear2025\\WebApp\\Hiasatarotze\\controllers\\comments_controllers.ts","statementMap":{"0":{"start":{"line":2,"column":0},"end":{"line":2,"column":48}},"1":{"start":{"line":3,"column":0},"end":{"line":3,"column":49}},"2":{"start":{"line":5,"column":19},"end":{"line":5,"column":45}},"3":{"start":{"line":8,"column":22},"end":{"line":10,"column":2}},"4":{"start":{"line":8,"column":60},"end":{"line":10,"column":2}},"5":{"start":{"line":9,"column":2},"end":{"line":9,"column":35}},"6":{"start":{"line":13,"column":23},"end":{"line":15,"column":2}},"7":{"start":{"line":13,"column":61},"end":{"line":15,"column":2}},"8":{"start":{"line":14,"column":2},"end":{"line":14,"column":34}},"9":{"start":{"line":18,"column":28},"end":{"line":21,"column":2}},"10":{"start":{"line":18,"column":66},"end":{"line":21,"column":2}},"11":{"start":{"line":19,"column":17},"end":{"line":19,"column":34}},"12":{"start":{"line":20,"column":2},"end":{"line":20,"column":46}},"13":{"start":{"line":24,"column":22},"end":{"line":27,"column":2}},"14":{"start":{"line":24,"column":60},"end":{"line":27,"column":2}},"15":{"start":{"line":25,"column":13},"end":{"line":25,"column":26}},"16":{"start":{"line":26,"column":2},"end":{"line":26,"column":38}},"17":{"start":{"line":30,"column":22},"end":{"line":33,"column":2}},"18":{"start":{"line":30,"column":60},"end":{"line":33,"column":2}},"19":{"start":{"line":31,"column":13},"end":{"line":31,"column":26}},"20":{"start":{"line":32,"column":2},"end":{"line":32,"column":41}},"21":{"start":{"line":35,"column":0},"end":{"line":41,"column":2}}},"fnMap":{"0":{"name":"(anonymous_8)","decl":{"start":{"line":8,"column":22},"end":{"line":8,"column":29}},"loc":{"start":{"line":8,"column":60},"end":{"line":10,"column":2}}},"1":{"name":"(anonymous_9)","decl":{"start":{"line":8,"column":60},"end":{"line":8,"column":null}},"loc":{"start":{"line":8,"column":60},"end":{"line":10,"column":1}}},"2":{"name":"(anonymous_10)","decl":{"start":{"line":13,"column":23},"end":{"line":13,"column":30}},"loc":{"start":{"line":13,"column":61},"end":{"line":15,"column":2}}},"3":{"name":"(anonymous_11)","decl":{"start":{"line":13,"column":61},"end":{"line":13,"column":null}},"loc":{"start":{"line":13,"column":61},"end":{"line":15,"column":1}}},"4":{"name":"(anonymous_12)","decl":{"start":{"line":18,"column":28},"end":{"line":18,"column":35}},"loc":{"start":{"line":18,"column":66},"end":{"line":21,"column":2}}},"5":{"name":"(anonymous_13)","decl":{"start":{"line":18,"column":66},"end":{"line":18,"column":null}},"loc":{"start":{"line":18,"column":66},"end":{"line":21,"column":1}}},"6":{"name":"(anonymous_14)","decl":{"start":{"line":24,"column":22},"end":{"line":24,"column":29}},"loc":{"start":{"line":24,"column":60},"end":{"line":27,"column":2}}},"7":{"name":"(anonymous_15)","decl":{"start":{"line":24,"column":60},"end":{"line":24,"column":null}},"loc":{"start":{"line":24,"column":60},"end":{"line":27,"column":1}}},"8":{"name":"(anonymous_16)","decl":{"start":{"line":30,"column":22},"end":{"line":30,"column":29}},"loc":{"start":{"line":30,"column":60},"end":{"line":33,"column":2}}},"9":{"name":"(anonymous_17)","decl":{"start":{"line":30,"column":60},"end":{"line":30,"column":null}},"loc":{"start":{"line":30,"column":60},"end":{"line":33,"column":1}}}},"branchMap":{},"s":{"0":4,"1":4,"2":4,"3":4,"4":1,"5":1,"6":4,"7":4,"8":4,"9":4,"10":1,"11":1,"12":1,"13":4,"14":1,"15":1,"16":1,"17":4,"18":1,"19":1,"20":1,"21":4},"f":{"0":1,"1":1,"2":4,"3":4,"4":1,"5":1,"6":1,"7":1,"8":1,"9":1},"b":{}}
,"C:\\Users\\yuval\\Desktop\\College of Management\\lastYear2025\\WebApp\\Hiasatarotze\\controllers\\post_controllers.ts": {"path":"C:\\Users\\yuval\\Desktop\\College of Management\\lastYear2025\\WebApp\\Hiasatarotze\\controllers\\post_controllers.ts","statementMap":{"0":{"start":{"line":2,"column":0},"end":{"line":2,"column":41}},"1":{"start":{"line":3,"column":0},"end":{"line":3,"column":49}},"2":{"start":{"line":5,"column":23},"end":{"line":5,"column":46}},"3":{"start":{"line":7,"column":19},"end":{"line":11,"column":2}},"4":{"start":{"line":7,"column":57},"end":{"line":11,"column":2}},"5":{"start":{"line":8,"column":2},"end":{"line":8,"column":37}},"6":{"start":{"line":9,"column":15},"end":{"line":9,"column":50}},"7":{"start":{"line":10,"column":2},"end":{"line":10,"column":16}},"8":{"start":{"line":13,"column":20},"end":{"line":17,"column":2}},"9":{"start":{"line":13,"column":58},"end":{"line":17,"column":2}},"10":{"start":{"line":14,"column":17},"end":{"line":14,"column":69}},"11":{"start":{"line":15,"column":2},"end":{"line":15,"column":49}},"12":{"start":{"line":16,"column":2},"end":{"line":16,"column":52}},"13":{"start":{"line":19,"column":21},"end":{"line":22,"column":2}},"14":{"start":{"line":19,"column":59},"end":{"line":22,"column":2}},"15":{"start":{"line":20,"column":13},"end":{"line":20,"column":26}},"16":{"start":{"line":21,"column":2},"end":{"line":21,"column":52}},"17":{"start":{"line":24,"column":19},"end":{"line":27,"column":2}},"18":{"start":{"line":24,"column":57},"end":{"line":27,"column":2}},"19":{"start":{"line":25,"column":13},"end":{"line":25,"column":26}},"20":{"start":{"line":26,"column":2},"end":{"line":26,"column":48}},"21":{"start":{"line":29,"column":19},"end":{"line":32,"column":2}},"22":{"start":{"line":29,"column":57},"end":{"line":32,"column":2}},"23":{"start":{"line":30,"column":13},"end":{"line":30,"column":26}},"24":{"start":{"line":31,"column":2},"end":{"line":31,"column":51}},"25":{"start":{"line":34,"column":0},"end":{"line":40,"column":2}}},"fnMap":{"0":{"name":"(anonymous_8)","decl":{"start":{"line":7,"column":19},"end":{"line":7,"column":26}},"loc":{"start":{"line":7,"column":57},"end":{"line":11,"column":2}}},"1":{"name":"(anonymous_9)","decl":{"start":{"line":7,"column":57},"end":{"line":7,"column":null}},"loc":{"start":{"line":7,"column":57},"end":{"line":11,"column":1}}},"2":{"name":"(anonymous_10)","decl":{"start":{"line":13,"column":20},"end":{"line":13,"column":27}},"loc":{"start":{"line":13,"column":58},"end":{"line":17,"column":2}}},"3":{"name":"(anonymous_11)","decl":{"start":{"line":13,"column":58},"end":{"line":13,"column":null}},"loc":{"start":{"line":13,"column":58},"end":{"line":17,"column":1}}},"4":{"name":"(anonymous_12)","decl":{"start":{"line":19,"column":21},"end":{"line":19,"column":28}},"loc":{"start":{"line":19,"column":59},"end":{"line":22,"column":2}}},"5":{"name":"(anonymous_13)","decl":{"start":{"line":19,"column":59},"end":{"line":19,"column":null}},"loc":{"start":{"line":19,"column":59},"end":{"line":22,"column":1}}},"6":{"name":"(anonymous_14)","decl":{"start":{"line":24,"column":19},"end":{"line":24,"column":26}},"loc":{"start":{"line":24,"column":57},"end":{"line":27,"column":2}}},"7":{"name":"(anonymous_15)","decl":{"start":{"line":24,"column":57},"end":{"line":24,"column":null}},"loc":{"start":{"line":24,"column":57},"end":{"line":27,"column":1}}},"8":{"name":"(anonymous_16)","decl":{"start":{"line":29,"column":19},"end":{"line":29,"column":26}},"loc":{"start":{"line":29,"column":57},"end":{"line":32,"column":2}}},"9":{"name":"(anonymous_17)","decl":{"start":{"line":29,"column":57},"end":{"line":29,"column":null}},"loc":{"start":{"line":29,"column":57},"end":{"line":32,"column":1}}}},"branchMap":{"0":{"loc":{"start":{"line":14,"column":17},"end":{"line":14,"column":69}},"type":"cond-expr","locations":[{"start":{"line":14,"column":36},"end":{"line":14,"column":64}},{"start":{"line":14,"column":67},"end":{"line":14,"column":69}}]}},"s":{"0":4,"1":4,"2":4,"3":4,"4":7,"5":7,"6":7,"7":7,"8":4,"9":2,"10":2,"11":2,"12":2,"13":4,"14":3,"15":3,"16":3,"17":4,"18":0,"19":0,"20":0,"21":4,"22":1,"23":1,"24":1,"25":4},"f":{"0":7,"1":7,"2":2,"3":2,"4":3,"5":3,"6":0,"7":0,"8":1,"9":1},"b":{"0":[1,1]}}
,"C:\\Users\\yuval\\Desktop\\College of Management\\lastYear2025\\WebApp\\Hiasatarotze\\controllers\\user_controller.ts": {"path":"C:\\Users\\yuval\\Desktop\\College of Management\\lastYear2025\\WebApp\\Hiasatarotze\\controllers\\user_controller.ts","statementMap":{"0":{"start":{"line":2,"column":0},"end":{"line":2,"column":40}},"1":{"start":{"line":3,"column":0},"end":{"line":3,"column":49}},"2":{"start":{"line":5,"column":19},"end":{"line":5,"column":41}},"3":{"start":{"line":7,"column":16},"end":{"line":9,"column":2}},"4":{"start":{"line":7,"column":54},"end":{"line":9,"column":2}},"5":{"start":{"line":8,"column":4},"end":{"line":8,"column":37}},"6":{"start":{"line":11,"column":20},"end":{"line":13,"column":2}},"7":{"start":{"line":11,"column":58},"end":{"line":13,"column":2}},"8":{"start":{"line":12,"column":4},"end":{"line":12,"column":36}},"9":{"start":{"line":15,"column":20},"end":{"line":18,"column":2}},"10":{"start":{"line":15,"column":58},"end":{"line":18,"column":2}},"11":{"start":{"line":16,"column":15},"end":{"line":16,"column":28}},"12":{"start":{"line":17,"column":4},"end":{"line":17,"column":44}},"13":{"start":{"line":20,"column":19},"end":{"line":23,"column":2}},"14":{"start":{"line":20,"column":57},"end":{"line":23,"column":2}},"15":{"start":{"line":21,"column":15},"end":{"line":21,"column":28}},"16":{"start":{"line":22,"column":4},"end":{"line":22,"column":40}},"17":{"start":{"line":25,"column":19},"end":{"line":28,"column":2}},"18":{"start":{"line":25,"column":57},"end":{"line":28,"column":2}},"19":{"start":{"line":26,"column":15},"end":{"line":26,"column":28}},"20":{"start":{"line":27,"column":4},"end":{"line":27,"column":43}},"21":{"start":{"line":30,"column":0},"end":{"line":36,"column":2}}},"fnMap":{"0":{"name":"(anonymous_8)","decl":{"start":{"line":7,"column":16},"end":{"line":7,"column":23}},"loc":{"start":{"line":7,"column":54},"end":{"line":9,"column":2}}},"1":{"name":"(anonymous_9)","decl":{"start":{"line":7,"column":54},"end":{"line":7,"column":null}},"loc":{"start":{"line":7,"column":54},"end":{"line":9,"column":1}}},"2":{"name":"(anonymous_10)","decl":{"start":{"line":11,"column":20},"end":{"line":11,"column":27}},"loc":{"start":{"line":11,"column":58},"end":{"line":13,"column":2}}},"3":{"name":"(anonymous_11)","decl":{"start":{"line":11,"column":58},"end":{"line":11,"column":null}},"loc":{"start":{"line":11,"column":58},"end":{"line":13,"column":1}}},"4":{"name":"(anonymous_12)","decl":{"start":{"line":15,"column":20},"end":{"line":15,"column":27}},"loc":{"start":{"line":15,"column":58},"end":{"line":18,"column":2}}},"5":{"name":"(anonymous_13)","decl":{"start":{"line":15,"column":58},"end":{"line":15,"column":null}},"loc":{"start":{"line":15,"column":58},"end":{"line":18,"column":1}}},"6":{"name":"(anonymous_14)","decl":{"start":{"line":20,"column":19},"end":{"line":20,"column":26}},"loc":{"start":{"line":20,"column":57},"end":{"line":23,"column":2}}},"7":{"name":"(anonymous_15)","decl":{"start":{"line":20,"column":57},"end":{"line":20,"column":null}},"loc":{"start":{"line":20,"column":57},"end":{"line":23,"column":1}}},"8":{"name":"(anonymous_16)","decl":{"start":{"line":25,"column":19},"end":{"line":25,"column":26}},"loc":{"start":{"line":25,"column":57},"end":{"line":28,"column":2}}},"9":{"name":"(anonymous_17)","decl":{"start":{"line":25,"column":57},"end":{"line":25,"column":null}},"loc":{"start":{"line":25,"column":57},"end":{"line":28,"column":1}}}},"branchMap":{},"s":{"0":4,"1":4,"2":4,"3":4,"4":5,"5":5,"6":4,"7":1,"8":1,"9":4,"10":3,"11":3,"12":3,"13":4,"14":2,"15":2,"16":2,"17":4,"18":2,"19":2,"20":2,"21":4},"f":{"0":5,"1":5,"2":1,"3":1,"4":3,"5":3,"6":2,"7":2,"8":2,"9":2},"b":{}}
,"C:\\Users\\yuval\\Desktop\\College of Management\\lastYear2025\\WebApp\\Hiasatarotze\\dist\\server.js": {"path":"C:\\Users\\yuval\\Desktop\\College of Management\\lastYear2025\\WebApp\\Hiasatarotze\\dist\\server.js","statementMap":{"0":{"start":{"line":2,"column":16},"end":{"line":10,"column":1}},"1":{"start":{"line":3,"column":28},"end":{"line":3,"column":110}},"2":{"start":{"line":3,"column":91},"end":{"line":3,"column":106}},"3":{"start":{"line":4,"column":4},"end":{"line":9,"column":7}},"4":{"start":{"line":5,"column":36},"end":{"line":5,"column":97}},"5":{"start":{"line":5,"column":42},"end":{"line":5,"column":70}},"6":{"start":{"line":5,"column":85},"end":{"line":5,"column":95}},"7":{"start":{"line":6,"column":35},"end":{"line":6,"column":100}},"8":{"start":{"line":6,"column":41},"end":{"line":6,"column":73}},"9":{"start":{"line":6,"column":88},"end":{"line":6,"column":98}},"10":{"start":{"line":7,"column":32},"end":{"line":7,"column":116}},"11":{"start":{"line":8,"column":8},"end":{"line":8,"column":78}},"12":{"start":{"line":11,"column":22},"end":{"line":13,"column":1}},"13":{"start":{"line":12,"column":4},"end":{"line":12,"column":62}},"14":{"start":{"line":14,"column":0},"end":{"line":14,"column":62}},"15":{"start":{"line":15,"column":0},"end":{"line":15,"column":25}},"16":{"start":{"line":16,"column":0},"end":{"line":16,"column":25}},"17":{"start":{"line":17,"column":18},"end":{"line":17,"column":53}},"18":{"start":{"line":18,"column":19},"end":{"line":18,"column":55}},"19":{"start":{"line":19,"column":22},"end":{"line":19,"column":61}},"20":{"start":{"line":20,"column":23},"end":{"line":20,"column":72}},"21":{"start":{"line":21,"column":26},"end":{"line":21,"column":78}},"22":{"start":{"line":22,"column":23},"end":{"line":22,"column":72}},"23":{"start":{"line":23,"column":22},"end":{"line":23,"column":70}},"24":{"start":{"line":24,"column":29},"end":{"line":24,"column":75}},"25":{"start":{"line":25,"column":24},"end":{"line":25,"column":65}},"26":{"start":{"line":26,"column":16},"end":{"line":37,"column":1}},"27":{"start":{"line":38,"column":14},"end":{"line":38,"column":51}},"28":{"start":{"line":39,"column":16},"end":{"line":55,"column":2}},"29":{"start":{"line":39,"column":22},"end":{"line":55,"column":2}},"30":{"start":{"line":41,"column":16},"end":{"line":41,"column":40}},"31":{"start":{"line":42,"column":4},"end":{"line":42,"column":104}},"32":{"start":{"line":43,"column":4},"end":{"line":43,"column":96}},"33":{"start":{"line":44,"column":4},"end":{"line":46,"column":7}},"34":{"start":{"line":45,"column":8},"end":{"line":45,"column":49}},"35":{"start":{"line":47,"column":4},"end":{"line":47,"column":119}},"36":{"start":{"line":48,"column":4},"end":{"line":48,"column":42}},"37":{"start":{"line":49,"column":4},"end":{"line":49,"column":66}},"38":{"start":{"line":50,"column":4},"end":{"line":50,"column":46}},"39":{"start":{"line":51,"column":4},"end":{"line":51,"column":52}},"40":{"start":{"line":52,"column":4},"end":{"line":52,"column":46}},"41":{"start":{"line":53,"column":4},"end":{"line":53,"column":44}},"42":{"start":{"line":54,"column":4},"end":{"line":54,"column":15}},"43":{"start":{"line":56,"column":0},"end":{"line":56,"column":26}}},"fnMap":{"0":{"name":"(anonymous_0)","decl":{"start":{"line":2,"column":44},"end":{"line":2,"column":45}},"loc":{"start":{"line":2,"column":89},"end":{"line":10,"column":1}},"line":2},"1":{"name":"adopt","decl":{"start":{"line":3,"column":13},"end":{"line":3,"column":18}},"loc":{"start":{"line":3,"column":26},"end":{"line":3,"column":112}},"line":3},"2":{"name":"(anonymous_2)","decl":{"start":{"line":3,"column":70},"end":{"line":3,"column":71}},"loc":{"start":{"line":3,"column":89},"end":{"line":3,"column":108}},"line":3},"3":{"name":"(anonymous_3)","decl":{"start":{"line":4,"column":36},"end":{"line":4,"column":37}},"loc":{"start":{"line":4,"column":63},"end":{"line":9,"column":5}},"line":4},"4":{"name":"fulfilled","decl":{"start":{"line":5,"column":17},"end":{"line":5,"column":26}},"loc":{"start":{"line":5,"column":34},"end":{"line":5,"column":99}},"line":5},"5":{"name":"rejected","decl":{"start":{"line":6,"column":17},"end":{"line":6,"column":25}},"loc":{"start":{"line":6,"column":33},"end":{"line":6,"column":102}},"line":6},"6":{"name":"step","decl":{"start":{"line":7,"column":17},"end":{"line":7,"column":21}},"loc":{"start":{"line":7,"column":30},"end":{"line":7,"column":118}},"line":7},"7":{"name":"(anonymous_7)","decl":{"start":{"line":11,"column":56},"end":{"line":11,"column":57}},"loc":{"start":{"line":11,"column":71},"end":{"line":13,"column":1}},"line":11},"8":{"name":"(anonymous_8)","decl":{"start":{"line":39,"column":16},"end":{"line":39,"column":17}},"loc":{"start":{"line":39,"column":22},"end":{"line":55,"column":2}},"line":39},"9":{"name":"(anonymous_9)","decl":{"start":{"line":39,"column":56},"end":{"line":39,"column":57}},"loc":{"start":{"line":39,"column":69},"end":{"line":55,"column":1}},"line":39},"10":{"name":"(anonymous_10)","decl":{"start":{"line":44,"column":45},"end":{"line":44,"column":46}},"loc":{"start":{"line":44,"column":57},"end":{"line":46,"column":5}},"line":44}},"branchMap":{"0":{"loc":{"start":{"line":2,"column":16},"end":{"line":10,"column":1}},"type":"binary-expr","locations":[{"start":{"line":2,"column":17},"end":{"line":2,"column":21}},{"start":{"line":2,"column":25},"end":{"line":2,"column":39}},{"start":{"line":2,"column":44},"end":{"line":10,"column":1}}],"line":2},"1":{"loc":{"start":{"line":3,"column":35},"end":{"line":3,"column":109}},"type":"cond-expr","locations":[{"start":{"line":3,"column":56},"end":{"line":3,"column":61}},{"start":{"line":3,"column":64},"end":{"line":3,"column":109}}],"line":3},"2":{"loc":{"start":{"line":4,"column":16},"end":{"line":4,"column":34}},"type":"binary-expr","locations":[{"start":{"line":4,"column":16},"end":{"line":4,"column":17}},{"start":{"line":4,"column":22},"end":{"line":4,"column":33}}],"line":4},"3":{"loc":{"start":{"line":7,"column":32},"end":{"line":7,"column":115}},"type":"cond-expr","locations":[{"start":{"line":7,"column":46},"end":{"line":7,"column":67}},{"start":{"line":7,"column":70},"end":{"line":7,"column":115}}],"line":7},"4":{"loc":{"start":{"line":8,"column":51},"end":{"line":8,"column":67}},"type":"binary-expr","locations":[{"start":{"line":8,"column":51},"end":{"line":8,"column":61}},{"start":{"line":8,"column":65},"end":{"line":8,"column":67}}],"line":8},"5":{"loc":{"start":{"line":11,"column":22},"end":{"line":13,"column":1}},"type":"binary-expr","locations":[{"start":{"line":11,"column":23},"end":{"line":11,"column":27}},{"start":{"line":11,"column":31},"end":{"line":11,"column":51}},{"start":{"line":11,"column":56},"end":{"line":13,"column":1}}],"line":11},"6":{"loc":{"start":{"line":12,"column":11},"end":{"line":12,"column":61}},"type":"cond-expr","locations":[{"start":{"line":12,"column":37},"end":{"line":12,"column":40}},{"start":{"line":12,"column":43},"end":{"line":12,"column":61}}],"line":12},"7":{"loc":{"start":{"line":12,"column":12},"end":{"line":12,"column":33}},"type":"binary-expr","locations":[{"start":{"line":12,"column":12},"end":{"line":12,"column":15}},{"start":{"line":12,"column":19},"end":{"line":12,"column":33}}],"line":12},"8":{"loc":{"start":{"line":47,"column":37},"end":{"line":47,"column":117}},"type":"cond-expr","locations":[{"start":{"line":47,"column":95},"end":{"line":47,"column":97}},{"start":{"line":47,"column":100},"end":{"line":47,"column":117}}],"line":47},"9":{"loc":{"start":{"line":47,"column":37},"end":{"line":47,"column":92}},"type":"binary-expr","locations":[{"start":{"line":47,"column":37},"end":{"line":47,"column":75}},{"start":{"line":47,"column":79},"end":{"line":47,"column":92}}],"line":47}},"s":{"0":1,"1":1,"2":0,"3":1,"4":1,"5":1,"6":0,"7":0,"8":0,"9":0,"10":2,"11":1,"12":1,"13":9,"14":1,"15":1,"16":1,"17":1,"18":1,"19":1,"20":1,"21":1,"22":1,"23":1,"24":1,"25":1,"26":1,"27":1,"28":1,"29":1,"30":1,"31":1,"32":1,"33":1,"34":1,"35":1,"36":1,"37":1,"38":1,"39":1,"40":1,"41":1,"42":1,"43":1},"f":{"0":1,"1":1,"2":0,"3":1,"4":1,"5":0,"6":2,"7":9,"8":1,"9":1,"10":1},"b":{"0":[1,1,1],"1":[1,0],"2":[1,1],"3":[1,1],"4":[1,1],"5":[1,1,1],"6":[4,5],"7":[9,9],"8":[1,0],"9":[1,1]},"inputSourceMap":null,"_coverageSchema":"1a1c01bbd47fc00a2c39e90264f33305004495a9","hash":"3d67f4a3d7d542244893b5ee09772a6b8fb9b24a"}
,"C:\\Users\\yuval\\Desktop\\College of Management\\lastYear2025\\WebApp\\Hiasatarotze\\dist\\controllers\\auth_controller.js": {"path":"C:\\Users\\yuval\\Desktop\\College of Management\\lastYear2025\\WebApp\\Hiasatarotze\\dist\\controllers\\auth_controller.js","statementMap":{"0":{"start":{"line":2,"column":16},"end":{"line":10,"column":1}},"1":{"start":{"line":3,"column":28},"end":{"line":3,"column":110}},"2":{"start":{"line":3,"column":91},"end":{"line":3,"column":106}},"3":{"start":{"line":4,"column":4},"end":{"line":9,"column":7}},"4":{"start":{"line":5,"column":36},"end":{"line":5,"column":97}},"5":{"start":{"line":5,"column":42},"end":{"line":5,"column":70}},"6":{"start":{"line":5,"column":85},"end":{"line":5,"column":95}},"7":{"start":{"line":6,"column":35},"end":{"line":6,"column":100}},"8":{"start":{"line":6,"column":41},"end":{"line":6,"column":73}},"9":{"start":{"line":6,"column":88},"end":{"line":6,"column":98}},"10":{"start":{"line":7,"column":32},"end":{"line":7,"column":116}},"11":{"start":{"line":8,"column":8},"end":{"line":8,"column":78}},"12":{"start":{"line":11,"column":22},"end":{"line":13,"column":1}},"13":{"start":{"line":12,"column":4},"end":{"line":12,"column":62}},"14":{"start":{"line":14,"column":0},"end":{"line":14,"column":62}},"15":{"start":{"line":15,"column":0},"end":{"line":15,"column":32}},"16":{"start":{"line":16,"column":21},"end":{"line":16,"column":69}},"17":{"start":{"line":17,"column":17},"end":{"line":17,"column":51}},"18":{"start":{"line":18,"column":23},"end":{"line":18,"column":63}},"19":{"start":{"line":19,"column":0},"end":{"line":19,"column":25}},"20":{"start":{"line":21,"column":4},"end":{"line":24,"column":7}},"21":{"start":{"line":26,"column":17},"end":{"line":55,"column":2}},"22":{"start":{"line":26,"column":31},"end":{"line":55,"column":2}},"23":{"start":{"line":27,"column":4},"end":{"line":27,"column":44}},"24":{"start":{"line":28,"column":42},"end":{"line":28,"column":50}},"25":{"start":{"line":29,"column":4},"end":{"line":31,"column":5}},"26":{"start":{"line":30,"column":8},"end":{"line":30,"column":65}},"27":{"start":{"line":32,"column":4},"end":{"line":40,"column":5}},"28":{"start":{"line":33,"column":21},"end":{"line":33,"column":73}},"29":{"start":{"line":34,"column":8},"end":{"line":36,"column":9}},"30":{"start":{"line":35,"column":12},"end":{"line":35,"column":57}},"31":{"start":{"line":39,"column":8},"end":{"line":39,"column":55}},"32":{"start":{"line":41,"column":4},"end":{"line":54,"column":5}},"33":{"start":{"line":42,"column":21},"end":{"line":42,"column":55}},"34":{"start":{"line":43,"column":34},"end":{"line":43,"column":77}},"35":{"start":{"line":44,"column":21},"end":{"line":48,"column":10}},"36":{"start":{"line":49,"column":24},"end":{"line":49,"column":41}},"37":{"start":{"line":50,"column":8},"end":{"line":50,"column":38}},"38":{"start":{"line":53,"column":8},"end":{"line":53,"column":57}},"39":{"start":{"line":56,"column":23},"end":{"line":70,"column":1}},"40":{"start":{"line":57,"column":19},"end":{"line":57,"column":54}},"41":{"start":{"line":58,"column":4},"end":{"line":60,"column":5}},"42":{"start":{"line":59,"column":8},"end":{"line":59,"column":20}},"43":{"start":{"line":61,"column":24},"end":{"line":64,"column":77}},"44":{"start":{"line":65,"column":25},"end":{"line":68,"column":85}},"45":{"start":{"line":69,"column":4},"end":{"line":69,"column":41}},"46":{"start":{"line":71,"column":14},"end":{"line":108,"column":2}},"47":{"start":{"line":71,"column":28},"end":{"line":108,"column":2}},"48":{"start":{"line":72,"column":4},"end":{"line":72,"column":41}},"49":{"start":{"line":73,"column":42},"end":{"line":73,"column":50}},"50":{"start":{"line":74,"column":4},"end":{"line":76,"column":5}},"51":{"start":{"line":75,"column":8},"end":{"line":75,"column":61}},"52":{"start":{"line":77,"column":4},"end":{"line":107,"column":5}},"53":{"start":{"line":78,"column":21},"end":{"line":78,"column":73}},"54":{"start":{"line":79,"column":8},"end":{"line":81,"column":9}},"55":{"start":{"line":80,"column":12},"end":{"line":80,"column":65}},"56":{"start":{"line":82,"column":30},"end":{"line":82,"column":85}},"57":{"start":{"line":83,"column":8},"end":{"line":85,"column":9}},"58":{"start":{"line":84,"column":12},"end":{"line":84,"column":65}},"59":{"start":{"line":86,"column":23},"end":{"line":86,"column":42}},"60":{"start":{"line":87,"column":23},"end":{"line":87,"column":45}},"61":{"start":{"line":88,"column":8},"end":{"line":91,"column":9}},"62":{"start":{"line":89,"column":12},"end":{"line":89,"column":63}},"63":{"start":{"line":90,"column":12},"end":{"line":90,"column":19}},"64":{"start":{"line":92,"column":8},"end":{"line":94,"column":9}},"65":{"start":{"line":93,"column":12},"end":{"line":93,"column":36}},"66":{"start":{"line":95,"column":8},"end":{"line":95,"column":53}},"67":{"start":{"line":96,"column":8},"end":{"line":96,"column":26}},"68":{"start":{"line":97,"column":8},"end":{"line":103,"column":11}},"69":{"start":{"line":106,"column":8},"end":{"line":106,"column":24}},"70":{"start":{"line":109,"column":15},"end":{"line":147,"column":2}},"71":{"start":{"line":109,"column":29},"end":{"line":147,"column":2}},"72":{"start":{"line":110,"column":4},"end":{"line":110,"column":42}},"73":{"start":{"line":111,"column":25},"end":{"line":111,"column":46}},"74":{"start":{"line":112,"column":4},"end":{"line":115,"column":5}},"75":{"start":{"line":113,"column":8},"end":{"line":113,"column":54}},"76":{"start":{"line":114,"column":8},"end":{"line":114,"column":15}},"77":{"start":{"line":116,"column":4},"end":{"line":119,"column":5}},"78":{"start":{"line":117,"column":8},"end":{"line":117,"column":59}},"79":{"start":{"line":118,"column":8},"end":{"line":118,"column":15}},"80":{"start":{"line":120,"column":4},"end":{"line":146,"column":8}},"81":{"start":{"line":120,"column":89},"end":{"line":146,"column":6}},"82":{"start":{"line":121,"column":8},"end":{"line":124,"column":9}},"83":{"start":{"line":122,"column":12},"end":{"line":122,"column":50}},"84":{"start":{"line":123,"column":12},"end":{"line":123,"column":19}},"85":{"start":{"line":125,"column":24},"end":{"line":125,"column":28}},"86":{"start":{"line":126,"column":8},"end":{"line":145,"column":9}},"87":{"start":{"line":127,"column":25},"end":{"line":127,"column":82}},"88":{"start":{"line":128,"column":12},"end":{"line":131,"column":13}},"89":{"start":{"line":129,"column":16},"end":{"line":129,"column":55}},"90":{"start":{"line":130,"column":16},"end":{"line":130,"column":23}},"91":{"start":{"line":132,"column":12},"end":{"line":137,"column":13}},"92":{"start":{"line":133,"column":16},"end":{"line":133,"column":62}},"93":{"start":{"line":134,"column":16},"end":{"line":134,"column":40}},"94":{"start":{"line":135,"column":16},"end":{"line":135,"column":34}},"95":{"start":{"line":136,"column":16},"end":{"line":136,"column":23}},"96":{"start":{"line":138,"column":27},"end":{"line":138,"column":87}},"97":{"start":{"line":138,"column":64},"end":{"line":138,"column":86}},"98":{"start":{"line":139,"column":12},"end":{"line":139,"column":40}},"99":{"start":{"line":140,"column":12},"end":{"line":140,"column":30}},"100":{"start":{"line":141,"column":12},"end":{"line":141,"column":47}},"101":{"start":{"line":144,"column":12},"end":{"line":144,"column":50}},"102":{"start":{"line":148,"column":16},"end":{"line":202,"column":2}},"103":{"start":{"line":148,"column":30},"end":{"line":202,"column":2}},"104":{"start":{"line":150,"column":25},"end":{"line":150,"column":46}},"105":{"start":{"line":151,"column":4},"end":{"line":154,"column":5}},"106":{"start":{"line":152,"column":8},"end":{"line":152,"column":46}},"107":{"start":{"line":153,"column":8},"end":{"line":153,"column":15}},"108":{"start":{"line":155,"column":4},"end":{"line":158,"column":5}},"109":{"start":{"line":156,"column":8},"end":{"line":156,"column":59}},"110":{"start":{"line":157,"column":8},"end":{"line":157,"column":15}},"111":{"start":{"line":159,"column":4},"end":{"line":201,"column":8}},"112":{"start":{"line":159,"column":89},"end":{"line":201,"column":6}},"113":{"start":{"line":160,"column":8},"end":{"line":163,"column":9}},"114":{"start":{"line":161,"column":12},"end":{"line":161,"column":50}},"115":{"start":{"line":162,"column":12},"end":{"line":162,"column":19}},"116":{"start":{"line":165,"column":24},"end":{"line":165,"column":28}},"117":{"start":{"line":166,"column":8},"end":{"line":200,"column":9}},"118":{"start":{"line":167,"column":25},"end":{"line":167,"column":81}},"119":{"start":{"line":168,"column":12},"end":{"line":171,"column":13}},"120":{"start":{"line":169,"column":16},"end":{"line":169,"column":54}},"121":{"start":{"line":170,"column":16},"end":{"line":170,"column":23}},"122":{"start":{"line":173,"column":12},"end":{"line":178,"column":13}},"123":{"start":{"line":174,"column":16},"end":{"line":174,"column":40}},"124":{"start":{"line":175,"column":16},"end":{"line":175,"column":34}},"125":{"start":{"line":176,"column":16},"end":{"line":176,"column":54}},"126":{"start":{"line":177,"column":16},"end":{"line":177,"column":23}},"127":{"start":{"line":180,"column":30},"end":{"line":180,"column":65}},"128":{"start":{"line":181,"column":12},"end":{"line":186,"column":13}},"129":{"start":{"line":182,"column":16},"end":{"line":182,"column":40}},"130":{"start":{"line":183,"column":16},"end":{"line":183,"column":34}},"131":{"start":{"line":184,"column":16},"end":{"line":184,"column":67}},"132":{"start":{"line":185,"column":16},"end":{"line":185,"column":23}},"133":{"start":{"line":188,"column":12},"end":{"line":188,"column":94}},"134":{"start":{"line":188,"column":70},"end":{"line":188,"column":92}},"135":{"start":{"line":190,"column":12},"end":{"line":190,"column":60}},"136":{"start":{"line":191,"column":12},"end":{"line":191,"column":30}},"137":{"start":{"line":193,"column":12},"end":{"line":196,"column":15}},"138":{"start":{"line":199,"column":12},"end":{"line":199,"column":50}},"139":{"start":{"line":203,"column":23},"end":{"line":223,"column":1}},"140":{"start":{"line":204,"column":23},"end":{"line":204,"column":51}},"141":{"start":{"line":205,"column":18},"end":{"line":205,"column":56}},"142":{"start":{"line":206,"column":4},"end":{"line":209,"column":5}},"143":{"start":{"line":207,"column":8},"end":{"line":207,"column":46}},"144":{"start":{"line":208,"column":8},"end":{"line":208,"column":15}},"145":{"start":{"line":210,"column":4},"end":{"line":213,"column":5}},"146":{"start":{"line":211,"column":8},"end":{"line":211,"column":59}},"147":{"start":{"line":212,"column":8},"end":{"line":212,"column":15}},"148":{"start":{"line":214,"column":4},"end":{"line":222,"column":7}},"149":{"start":{"line":215,"column":8},"end":{"line":218,"column":9}},"150":{"start":{"line":216,"column":12},"end":{"line":216,"column":50}},"151":{"start":{"line":217,"column":12},"end":{"line":217,"column":19}},"152":{"start":{"line":219,"column":24},"end":{"line":219,"column":28}},"153":{"start":{"line":220,"column":8},"end":{"line":220,"column":39}},"154":{"start":{"line":221,"column":8},"end":{"line":221,"column":15}},"155":{"start":{"line":224,"column":0},"end":{"line":224,"column":40}},"156":{"start":{"line":225,"column":0},"end":{"line":230,"column":2}}},"fnMap":{"0":{"name":"(anonymous_0)","decl":{"start":{"line":2,"column":44},"end":{"line":2,"column":45}},"loc":{"start":{"line":2,"column":89},"end":{"line":10,"column":1}},"line":2},"1":{"name":"adopt","decl":{"start":{"line":3,"column":13},"end":{"line":3,"column":18}},"loc":{"start":{"line":3,"column":26},"end":{"line":3,"column":112}},"line":3},"2":{"name":"(anonymous_2)","decl":{"start":{"line":3,"column":70},"end":{"line":3,"column":71}},"loc":{"start":{"line":3,"column":89},"end":{"line":3,"column":108}},"line":3},"3":{"name":"(anonymous_3)","decl":{"start":{"line":4,"column":36},"end":{"line":4,"column":37}},"loc":{"start":{"line":4,"column":63},"end":{"line":9,"column":5}},"line":4},"4":{"name":"fulfilled","decl":{"start":{"line":5,"column":17},"end":{"line":5,"column":26}},"loc":{"start":{"line":5,"column":34},"end":{"line":5,"column":99}},"line":5},"5":{"name":"rejected","decl":{"start":{"line":6,"column":17},"end":{"line":6,"column":25}},"loc":{"start":{"line":6,"column":33},"end":{"line":6,"column":102}},"line":6},"6":{"name":"step","decl":{"start":{"line":7,"column":17},"end":{"line":7,"column":21}},"loc":{"start":{"line":7,"column":30},"end":{"line":7,"column":118}},"line":7},"7":{"name":"(anonymous_7)","decl":{"start":{"line":11,"column":56},"end":{"line":11,"column":57}},"loc":{"start":{"line":11,"column":71},"end":{"line":13,"column":1}},"line":11},"8":{"name":"sendError","decl":{"start":{"line":20,"column":9},"end":{"line":20,"column":18}},"loc":{"start":{"line":20,"column":29},"end":{"line":25,"column":1}},"line":20},"9":{"name":"(anonymous_9)","decl":{"start":{"line":26,"column":17},"end":{"line":26,"column":18}},"loc":{"start":{"line":26,"column":31},"end":{"line":55,"column":2}},"line":26},"10":{"name":"(anonymous_10)","decl":{"start":{"line":26,"column":65},"end":{"line":26,"column":66}},"loc":{"start":{"line":26,"column":78},"end":{"line":55,"column":1}},"line":26},"11":{"name":"(anonymous_11)","decl":{"start":{"line":56,"column":23},"end":{"line":56,"column":24}},"loc":{"start":{"line":56,"column":32},"end":{"line":70,"column":1}},"line":56},"12":{"name":"(anonymous_12)","decl":{"start":{"line":71,"column":14},"end":{"line":71,"column":15}},"loc":{"start":{"line":71,"column":28},"end":{"line":108,"column":2}},"line":71},"13":{"name":"(anonymous_13)","decl":{"start":{"line":71,"column":62},"end":{"line":71,"column":63}},"loc":{"start":{"line":71,"column":75},"end":{"line":108,"column":1}},"line":71},"14":{"name":"(anonymous_14)","decl":{"start":{"line":109,"column":15},"end":{"line":109,"column":16}},"loc":{"start":{"line":109,"column":29},"end":{"line":147,"column":2}},"line":109},"15":{"name":"(anonymous_15)","decl":{"start":{"line":109,"column":63},"end":{"line":109,"column":64}},"loc":{"start":{"line":109,"column":76},"end":{"line":147,"column":1}},"line":109},"16":{"name":"(anonymous_16)","decl":{"start":{"line":120,"column":74},"end":{"line":120,"column":75}},"loc":{"start":{"line":120,"column":89},"end":{"line":146,"column":6}},"line":120},"17":{"name":"(anonymous_17)","decl":{"start":{"line":120,"column":123},"end":{"line":120,"column":124}},"loc":{"start":{"line":120,"column":136},"end":{"line":146,"column":5}},"line":120},"18":{"name":"(anonymous_18)","decl":{"start":{"line":138,"column":53},"end":{"line":138,"column":54}},"loc":{"start":{"line":138,"column":64},"end":{"line":138,"column":86}},"line":138},"19":{"name":"(anonymous_19)","decl":{"start":{"line":148,"column":16},"end":{"line":148,"column":17}},"loc":{"start":{"line":148,"column":30},"end":{"line":202,"column":2}},"line":148},"20":{"name":"(anonymous_20)","decl":{"start":{"line":148,"column":64},"end":{"line":148,"column":65}},"loc":{"start":{"line":148,"column":77},"end":{"line":202,"column":1}},"line":148},"21":{"name":"(anonymous_21)","decl":{"start":{"line":159,"column":74},"end":{"line":159,"column":75}},"loc":{"start":{"line":159,"column":89},"end":{"line":201,"column":6}},"line":159},"22":{"name":"(anonymous_22)","decl":{"start":{"line":159,"column":123},"end":{"line":159,"column":124}},"loc":{"start":{"line":159,"column":136},"end":{"line":201,"column":5}},"line":159},"23":{"name":"(anonymous_23)","decl":{"start":{"line":188,"column":59},"end":{"line":188,"column":60}},"loc":{"start":{"line":188,"column":70},"end":{"line":188,"column":92}},"line":188},"24":{"name":"(anonymous_24)","decl":{"start":{"line":203,"column":23},"end":{"line":203,"column":24}},"loc":{"start":{"line":203,"column":43},"end":{"line":223,"column":1}},"line":203},"25":{"name":"(anonymous_25)","decl":{"start":{"line":214,"column":67},"end":{"line":214,"column":68}},"loc":{"start":{"line":214,"column":82},"end":{"line":222,"column":5}},"line":214}},"branchMap":{"0":{"loc":{"start":{"line":2,"column":16},"end":{"line":10,"column":1}},"type":"binary-expr","locations":[{"start":{"line":2,"column":17},"end":{"line":2,"column":21}},{"start":{"line":2,"column":25},"end":{"line":2,"column":39}},{"start":{"line":2,"column":44},"end":{"line":10,"column":1}}],"line":2},"1":{"loc":{"start":{"line":3,"column":35},"end":{"line":3,"column":109}},"type":"cond-expr","locations":[{"start":{"line":3,"column":56},"end":{"line":3,"column":61}},{"start":{"line":3,"column":64},"end":{"line":3,"column":109}}],"line":3},"2":{"loc":{"start":{"line":4,"column":16},"end":{"line":4,"column":34}},"type":"binary-expr","locations":[{"start":{"line":4,"column":16},"end":{"line":4,"column":17}},{"start":{"line":4,"column":22},"end":{"line":4,"column":33}}],"line":4},"3":{"loc":{"start":{"line":7,"column":32},"end":{"line":7,"column":115}},"type":"cond-expr","locations":[{"start":{"line":7,"column":46},"end":{"line":7,"column":67}},{"start":{"line":7,"column":70},"end":{"line":7,"column":115}}],"line":7},"4":{"loc":{"start":{"line":8,"column":51},"end":{"line":8,"column":67}},"type":"binary-expr","locations":[{"start":{"line":8,"column":51},"end":{"line":8,"column":61}},{"start":{"line":8,"column":65},"end":{"line":8,"column":67}}],"line":8},"5":{"loc":{"start":{"line":11,"column":22},"end":{"line":13,"column":1}},"type":"binary-expr","locations":[{"start":{"line":11,"column":23},"end":{"line":11,"column":27}},{"start":{"line":11,"column":31},"end":{"line":11,"column":51}},{"start":{"line":11,"column":56},"end":{"line":13,"column":1}}],"line":11},"6":{"loc":{"start":{"line":12,"column":11},"end":{"line":12,"column":61}},"type":"cond-expr","locations":[{"start":{"line":12,"column":37},"end":{"line":12,"column":40}},{"start":{"line":12,"column":43},"end":{"line":12,"column":61}}],"line":12},"7":{"loc":{"start":{"line":12,"column":12},"end":{"line":12,"column":33}},"type":"binary-expr","locations":[{"start":{"line":12,"column":12},"end":{"line":12,"column":15}},{"start":{"line":12,"column":19},"end":{"line":12,"column":33}}],"line":12},"8":{"loc":{"start":{"line":29,"column":4},"end":{"line":31,"column":5}},"type":"if","locations":[{"start":{"line":29,"column":4},"end":{"line":31,"column":5}},{"start":{},"end":{}}],"line":29},"9":{"loc":{"start":{"line":29,"column":8},"end":{"line":29,"column":27}},"type":"binary-expr","locations":[{"start":{"line":29,"column":8},"end":{"line":29,"column":14}},{"start":{"line":29,"column":18},"end":{"line":29,"column":27}}],"line":29},"10":{"loc":{"start":{"line":34,"column":8},"end":{"line":36,"column":9}},"type":"if","locations":[{"start":{"line":34,"column":8},"end":{"line":36,"column":9}},{"start":{},"end":{}}],"line":34},"11":{"loc":{"start":{"line":58,"column":4},"end":{"line":60,"column":5}},"type":"if","locations":[{"start":{"line":58,"column":4},"end":{"line":60,"column":5}},{"start":{},"end":{}}],"line":58},"12":{"loc":{"start":{"line":74,"column":4},"end":{"line":76,"column":5}},"type":"if","locations":[{"start":{"line":74,"column":4},"end":{"line":76,"column":5}},{"start":{},"end":{}}],"line":74},"13":{"loc":{"start":{"line":74,"column":8},"end":{"line":74,"column":27}},"type":"binary-expr","locations":[{"start":{"line":74,"column":8},"end":{"line":74,"column":14}},{"start":{"line":74,"column":18},"end":{"line":74,"column":27}}],"line":74},"14":{"loc":{"start":{"line":79,"column":8},"end":{"line":81,"column":9}},"type":"if","locations":[{"start":{"line":79,"column":8},"end":{"line":81,"column":9}},{"start":{},"end":{}}],"line":79},"15":{"loc":{"start":{"line":83,"column":8},"end":{"line":85,"column":9}},"type":"if","locations":[{"start":{"line":83,"column":8},"end":{"line":85,"column":9}},{"start":{},"end":{}}],"line":83},"16":{"loc":{"start":{"line":88,"column":8},"end":{"line":91,"column":9}},"type":"if","locations":[{"start":{"line":88,"column":8},"end":{"line":91,"column":9}},{"start":{},"end":{}}],"line":88},"17":{"loc":{"start":{"line":92,"column":8},"end":{"line":94,"column":9}},"type":"if","locations":[{"start":{"line":92,"column":8},"end":{"line":94,"column":9}},{"start":{},"end":{}}],"line":92},"18":{"loc":{"start":{"line":112,"column":4},"end":{"line":115,"column":5}},"type":"if","locations":[{"start":{"line":112,"column":4},"end":{"line":115,"column":5}},{"start":{},"end":{}}],"line":112},"19":{"loc":{"start":{"line":116,"column":4},"end":{"line":119,"column":5}},"type":"if","locations":[{"start":{"line":116,"column":4},"end":{"line":119,"column":5}},{"start":{},"end":{}}],"line":116},"20":{"loc":{"start":{"line":121,"column":8},"end":{"line":124,"column":9}},"type":"if","locations":[{"start":{"line":121,"column":8},"end":{"line":124,"column":9}},{"start":{},"end":{}}],"line":121},"21":{"loc":{"start":{"line":128,"column":12},"end":{"line":131,"column":13}},"type":"if","locations":[{"start":{"line":128,"column":12},"end":{"line":131,"column":13}},{"start":{},"end":{}}],"line":128},"22":{"loc":{"start":{"line":132,"column":12},"end":{"line":137,"column":13}},"type":"if","locations":[{"start":{"line":132,"column":12},"end":{"line":137,"column":13}},{"start":{},"end":{}}],"line":132},"23":{"loc":{"start":{"line":132,"column":16},"end":{"line":132,"column":81}},"type":"binary-expr","locations":[{"start":{"line":132,"column":16},"end":{"line":132,"column":35}},{"start":{"line":132,"column":39},"end":{"line":132,"column":81}}],"line":132},"24":{"loc":{"start":{"line":151,"column":4},"end":{"line":154,"column":5}},"type":"if","locations":[{"start":{"line":151,"column":4},"end":{"line":154,"column":5}},{"start":{},"end":{}}],"line":151},"25":{"loc":{"start":{"line":155,"column":4},"end":{"line":158,"column":5}},"type":"if","locations":[{"start":{"line":155,"column":4},"end":{"line":158,"column":5}},{"start":{},"end":{}}],"line":155},"26":{"loc":{"start":{"line":160,"column":8},"end":{"line":163,"column":9}},"type":"if","locations":[{"start":{"line":160,"column":8},"end":{"line":163,"column":9}},{"start":{},"end":{}}],"line":160},"27":{"loc":{"start":{"line":168,"column":12},"end":{"line":171,"column":13}},"type":"if","locations":[{"start":{"line":168,"column":12},"end":{"line":171,"column":13}},{"start":{},"end":{}}],"line":168},"28":{"loc":{"start":{"line":173,"column":12},"end":{"line":178,"column":13}},"type":"if","locations":[{"start":{"line":173,"column":12},"end":{"line":178,"column":13}},{"start":{},"end":{}}],"line":173},"29":{"loc":{"start":{"line":173,"column":16},"end":{"line":173,"column":81}},"type":"binary-expr","locations":[{"start":{"line":173,"column":16},"end":{"line":173,"column":35}},{"start":{"line":173,"column":39},"end":{"line":173,"column":81}}],"line":173},"30":{"loc":{"start":{"line":181,"column":12},"end":{"line":186,"column":13}},"type":"if","locations":[{"start":{"line":181,"column":12},"end":{"line":186,"column":13}},{"start":{},"end":{}}],"line":181},"31":{"loc":{"start":{"line":205,"column":18},"end":{"line":205,"column":56}},"type":"binary-expr","locations":[{"start":{"line":205,"column":18},"end":{"line":205,"column":28}},{"start":{"line":205,"column":32},"end":{"line":205,"column":56}}],"line":205},"32":{"loc":{"start":{"line":206,"column":4},"end":{"line":209,"column":5}},"type":"if","locations":[{"start":{"line":206,"column":4},"end":{"line":209,"column":5}},{"start":{},"end":{}}],"line":206},"33":{"loc":{"start":{"line":210,"column":4},"end":{"line":213,"column":5}},"type":"if","locations":[{"start":{"line":210,"column":4},"end":{"line":213,"column":5}},{"start":{},"end":{}}],"line":210},"34":{"loc":{"start":{"line":215,"column":8},"end":{"line":218,"column":9}},"type":"if","locations":[{"start":{"line":215,"column":8},"end":{"line":218,"column":9}},{"start":{},"end":{}}],"line":215}},"s":{"0":1,"1":7,"2":2,"3":2,"4":7,"5":7,"6":0,"7":0,"8":0,"9":0,"10":9,"11":2,"12":1,"13":3,"14":1,"15":1,"16":1,"17":1,"18":1,"19":1,"20":0,"21":1,"22":1,"23":1,"24":1,"25":1,"26":0,"27":1,"28":1,"29":1,"30":0,"31":0,"32":1,"33":1,"34":1,"35":1,"36":1,"37":1,"38":0,"39":1,"40":1,"41":1,"42":0,"43":1,"44":1,"45":1,"46":1,"47":1,"48":1,"49":1,"50":1,"51":0,"52":1,"53":1,"54":1,"55":0,"56":1,"57":1,"58":0,"59":1,"60":1,"61":1,"62":0,"63":0,"64":1,"65":0,"66":1,"67":1,"68":1,"69":0,"70":1,"71":0,"72":0,"73":0,"74":0,"75":0,"76":0,"77":0,"78":0,"79":0,"80":0,"81":0,"82":0,"83":0,"84":0,"85":0,"86":0,"87":0,"88":0,"89":0,"90":0,"91":0,"92":0,"93":0,"94":0,"95":0,"96":0,"97":0,"98":0,"99":0,"100":0,"101":0,"102":1,"103":0,"104":0,"105":0,"106":0,"107":0,"108":0,"109":0,"110":0,"111":0,"112":0,"113":0,"114":0,"115":0,"116":0,"117":0,"118":0,"119":0,"120":0,"121":0,"122":0,"123":0,"124":0,"125":0,"126":0,"127":0,"128":0,"129":0,"130":0,"131":0,"132":0,"133":0,"134":0,"135":0,"136":0,"137":0,"138":0,"139":1,"140":12,"141":12,"142":12,"143":0,"144":0,"145":12,"146":0,"147":0,"148":12,"149":12,"150":0,"151":0,"152":12,"153":12,"154":12,"155":1,"156":1},"f":{"0":2,"1":7,"2":2,"3":2,"4":7,"5":0,"6":9,"7":3,"8":0,"9":1,"10":1,"11":1,"12":1,"13":1,"14":0,"15":0,"16":0,"17":0,"18":0,"19":0,"20":0,"21":0,"22":0,"23":0,"24":12,"25":12},"b":{"0":[1,1,1],"1":[5,2],"2":[2,2],"3":[2,7],"4":[2,2],"5":[1,1,1],"6":[1,2],"7":[3,3],"8":[0,1],"9":[1,1],"10":[0,1],"11":[0,1],"12":[0,1],"13":[1,1],"14":[0,1],"15":[0,1],"16":[0,1],"17":[0,1],"18":[0,0],"19":[0,0],"20":[0,0],"21":[0,0],"22":[0,0],"23":[0,0],"24":[0,0],"25":[0,0],"26":[0,0],"27":[0,0],"28":[0,0],"29":[0,0],"30":[0,0],"31":[12,12],"32":[0,12],"33":[0,12],"34":[0,12]},"inputSourceMap":null,"_coverageSchema":"1a1c01bbd47fc00a2c39e90264f33305004495a9","hash":"90b0f7c0b4ccb67e7d03907ae089186cb1ba06cc"}
,"C:\\Users\\yuval\\Desktop\\College of Management\\lastYear2025\\WebApp\\Hiasatarotze\\dist\\controllers\\base_controller.js": {"path":"C:\\Users\\yuval\\Desktop\\College of Management\\lastYear2025\\WebApp\\Hiasatarotze\\dist\\controllers\\base_controller.js","statementMap":{"0":{"start":{"line":2,"column":16},"end":{"line":10,"column":1}},"1":{"start":{"line":3,"column":28},"end":{"line":3,"column":110}},"2":{"start":{"line":3,"column":91},"end":{"line":3,"column":106}},"3":{"start":{"line":4,"column":4},"end":{"line":9,"column":7}},"4":{"start":{"line":5,"column":36},"end":{"line":5,"column":97}},"5":{"start":{"line":5,"column":42},"end":{"line":5,"column":70}},"6":{"start":{"line":5,"column":85},"end":{"line":5,"column":95}},"7":{"start":{"line":6,"column":35},"end":{"line":6,"column":100}},"8":{"start":{"line":6,"column":41},"end":{"line":6,"column":73}},"9":{"start":{"line":6,"column":88},"end":{"line":6,"column":98}},"10":{"start":{"line":7,"column":32},"end":{"line":7,"column":116}},"11":{"start":{"line":8,"column":8},"end":{"line":8,"column":78}},"12":{"start":{"line":11,"column":0},"end":{"line":11,"column":62}},"13":{"start":{"line":14,"column":8},"end":{"line":14,"column":27}},"14":{"start":{"line":17,"column":8},"end":{"line":26,"column":11}},"15":{"start":{"line":18,"column":24},"end":{"line":18,"column":48}},"16":{"start":{"line":19,"column":12},"end":{"line":25,"column":13}},"17":{"start":{"line":20,"column":33},"end":{"line":20,"column":49}},"18":{"start":{"line":21,"column":16},"end":{"line":21,"column":47}},"19":{"start":{"line":24,"column":16},"end":{"line":24,"column":52}},"20":{"start":{"line":29,"column":8},"end":{"line":37,"column":11}},"21":{"start":{"line":30,"column":12},"end":{"line":36,"column":13}},"22":{"start":{"line":31,"column":29},"end":{"line":31,"column":57}},"23":{"start":{"line":32,"column":16},"end":{"line":32,"column":31}},"24":{"start":{"line":35,"column":16},"end":{"line":35,"column":52}},"25":{"start":{"line":40,"column":8},"end":{"line":52,"column":11}},"26":{"start":{"line":41,"column":12},"end":{"line":51,"column":13}},"27":{"start":{"line":42,"column":28},"end":{"line":42,"column":61}},"28":{"start":{"line":43,"column":16},"end":{"line":46,"column":17}},"29":{"start":{"line":44,"column":20},"end":{"line":44,"column":54}},"30":{"start":{"line":45,"column":20},"end":{"line":45,"column":27}},"31":{"start":{"line":47,"column":16},"end":{"line":47,"column":30}},"32":{"start":{"line":50,"column":16},"end":{"line":50,"column":52}},"33":{"start":{"line":55,"column":8},"end":{"line":71,"column":11}},"34":{"start":{"line":56,"column":12},"end":{"line":70,"column":13}},"35":{"start":{"line":57,"column":16},"end":{"line":66,"column":17}},"36":{"start":{"line":58,"column":32},"end":{"line":58,"column":40}},"37":{"start":{"line":59,"column":35},"end":{"line":61,"column":22}},"38":{"start":{"line":62,"column":20},"end":{"line":62,"column":49}},"39":{"start":{"line":65,"column":20},"end":{"line":65,"column":56}},"40":{"start":{"line":69,"column":16},"end":{"line":69,"column":53}},"41":{"start":{"line":74,"column":8},"end":{"line":87,"column":11}},"42":{"start":{"line":75,"column":12},"end":{"line":86,"column":13}},"43":{"start":{"line":76,"column":16},"end":{"line":82,"column":17}},"44":{"start":{"line":77,"column":20},"end":{"line":77,"column":59}},"45":{"start":{"line":78,"column":20},"end":{"line":78,"column":43}},"46":{"start":{"line":81,"column":20},"end":{"line":81,"column":56}},"47":{"start":{"line":85,"column":16},"end":{"line":85,"column":53}},"48":{"start":{"line":90,"column":25},"end":{"line":90,"column":61}},"49":{"start":{"line":90,"column":36},"end":{"line":90,"column":61}},"50":{"start":{"line":91,"column":0},"end":{"line":91,"column":35}}},"fnMap":{"0":{"name":"(anonymous_0)","decl":{"start":{"line":2,"column":44},"end":{"line":2,"column":45}},"loc":{"start":{"line":2,"column":89},"end":{"line":10,"column":1}},"line":2},"1":{"name":"adopt","decl":{"start":{"line":3,"column":13},"end":{"line":3,"column":18}},"loc":{"start":{"line":3,"column":26},"end":{"line":3,"column":112}},"line":3},"2":{"name":"(anonymous_2)","decl":{"start":{"line":3,"column":70},"end":{"line":3,"column":71}},"loc":{"start":{"line":3,"column":89},"end":{"line":3,"column":108}},"line":3},"3":{"name":"(anonymous_3)","decl":{"start":{"line":4,"column":36},"end":{"line":4,"column":37}},"loc":{"start":{"line":4,"column":63},"end":{"line":9,"column":5}},"line":4},"4":{"name":"fulfilled","decl":{"start":{"line":5,"column":17},"end":{"line":5,"column":26}},"loc":{"start":{"line":5,"column":34},"end":{"line":5,"column":99}},"line":5},"5":{"name":"rejected","decl":{"start":{"line":6,"column":17},"end":{"line":6,"column":25}},"loc":{"start":{"line":6,"column":33},"end":{"line":6,"column":102}},"line":6},"6":{"name":"step","decl":{"start":{"line":7,"column":17},"end":{"line":7,"column":21}},"loc":{"start":{"line":7,"column":30},"end":{"line":7,"column":118}},"line":7},"7":{"name":"(anonymous_7)","decl":{"start":{"line":13,"column":4},"end":{"line":13,"column":5}},"loc":{"start":{"line":13,"column":23},"end":{"line":15,"column":5}},"line":13},"8":{"name":"(anonymous_8)","decl":{"start":{"line":16,"column":4},"end":{"line":16,"column":5}},"loc":{"start":{"line":16,"column":19},"end":{"line":27,"column":5}},"line":16},"9":{"name":"(anonymous_9)","decl":{"start":{"line":17,"column":47},"end":{"line":17,"column":48}},"loc":{"start":{"line":17,"column":60},"end":{"line":26,"column":9}},"line":17},"10":{"name":"(anonymous_10)","decl":{"start":{"line":28,"column":4},"end":{"line":28,"column":5}},"loc":{"start":{"line":28,"column":22},"end":{"line":38,"column":5}},"line":28},"11":{"name":"(anonymous_11)","decl":{"start":{"line":29,"column":50},"end":{"line":29,"column":51}},"loc":{"start":{"line":29,"column":83},"end":{"line":37,"column":9}},"line":29},"12":{"name":"(anonymous_12)","decl":{"start":{"line":39,"column":4},"end":{"line":39,"column":5}},"loc":{"start":{"line":39,"column":27},"end":{"line":53,"column":5}},"line":39},"13":{"name":"(anonymous_13)","decl":{"start":{"line":40,"column":47},"end":{"line":40,"column":48}},"loc":{"start":{"line":40,"column":60},"end":{"line":52,"column":9}},"line":40},"14":{"name":"(anonymous_14)","decl":{"start":{"line":54,"column":4},"end":{"line":54,"column":5}},"loc":{"start":{"line":54,"column":22},"end":{"line":72,"column":5}},"line":54},"15":{"name":"(anonymous_15)","decl":{"start":{"line":55,"column":47},"end":{"line":55,"column":48}},"loc":{"st
[...]
"column":16},"end":{"line":4,"column":17}},{"start":{"line":4,"column":22},"end":{"line":4,"column":33}}],"line":4},"3":{"loc":{"start":{"line":7,"column":32},"end":{"line":7,"column":115}},"type":"cond-expr","locations":[{"start":{"line":7,"column":46},"end":{"line":7,"column":67}},{"start":{"line":7,"column":70},"end":{"line":7,"column":115}}],"line":7},"4":{"loc":{"start":{"line":8,"column":51},"end":{"line":8,"column":67}},"type":"binary-expr","locations":[{"start":{"line":8,"column":51},"end":{"line":8,"column":61}},{"start":{"line":8,"column":65},"end":{"line":8,"column":67}}],"line":8},"5":{"loc":{"start":{"line":11,"column":22},"end":{"line":13,"column":1}},"type":"binary-expr","locations":[{"start":{"line":11,"column":23},"end":{"line":11,"column":27}},{"start":{"line":11,"column":31},"end":{"line":11,"column":51}},{"start":{"line":11,"column":56},"end":{"line":13,"column":1}}],"line":11},"6":{"loc":{"start":{"line":12,"column":11},"end":{"line":12,"column":61}},"type":"cond-expr","locations":[{"start":{"line":12,"column":37},"end":{"line":12,"column":40}},{"start":{"line":12,"column":43},"end":{"line":12,"column":61}}],"line":12},"7":{"loc":{"start":{"line":12,"column":12},"end":{"line":12,"column":33}},"type":"binary-expr","locations":[{"start":{"line":12,"column":12},"end":{"line":12,"column":15}},{"start":{"line":12,"column":19},"end":{"line":12,"column":33}}],"line":12}},"s":{"0":1,"1":0,"2":0,"3":0,"4":0,"5":0,"6":0,"7":0,"8":0,"9":0,"10":0,"11":0,"12":1,"13":2,"14":1,"15":1,"16":1,"17":1,"18":1,"19":0,"20":0,"21":1,"22":0,"23":0,"24":1,"25":0,"26":0,"27":0,"28":1,"29":0,"30":0,"31":0,"32":1,"33":0,"34":0,"35":0,"36":1},"f":{"0":0,"1":0,"2":0,"3":0,"4":0,"5":0,"6":0,"7":2,"8":0,"9":0,"10":0,"11":0,"12":0,"13":0,"14":0,"15":0,"16":0,"17":0},"b":{"0":[1,1,1],"1":[0,0],"2":[0,0],"3":[0,0],"4":[0,0],"5":[1,1,1],"6":[2,0],"7":[2,2]},"inputSourceMap":null,"_coverageSchema":"1a1c01bbd47fc00a2c39e90264f33305004495a9","hash":"a13d60e64aa56d63dcd29f0adc943311f892957c"}
,"C:\\Users\\yuval\\Desktop\\College of Management\\lastYear2025\\WebApp\\Hiasatarotze\\dist\\models\\comments_model.js": {"path":"C:\\Users\\yuval\\Desktop\\College of Management\\lastYear2025\\WebApp\\Hiasatarotze\\dist\\models\\comments_model.js","statementMap":{"0":{"start":{"line":2,"column":0},"end":{"line":2,"column":62}},"1":{"start":{"line":3,"column":19},"end":{"line":3,"column":38}},"2":{"start":{"line":4,"column":22},"end":{"line":18,"column":2}},"3":{"start":{"line":19,"column":16},"end":{"line":19,"column":64}},"4":{"start":{"line":20,"column":0},"end":{"line":20,"column":26}}},"fnMap":{},"branchMap":{},"s":{"0":1,"1":1,"2":1,"3":1,"4":1},"f":{},"b":{},"inputSourceMap":null,"_coverageSchema":"1a1c01bbd47fc00a2c39e90264f33305004495a9","hash":"578211cb55878e40e91364c6b2c6d7c0f2b269e9"}
,"C:\\Users\\yuval\\Desktop\\College of Management\\lastYear2025\\WebApp\\Hiasatarotze\\dist\\models\\post_model.js": {"path":"C:\\Users\\yuval\\Desktop\\College of Management\\lastYear2025\\WebApp\\Hiasatarotze\\dist\\models\\post_model.js","statementMap":{"0":{"start":{"line":2,"column":0},"end":{"line":2,"column":62}},"1":{"start":{"line":3,"column":19},"end":{"line":3,"column":38}},"2":{"start":{"line":4,"column":19},"end":{"line":14,"column":2}},"3":{"start":{"line":15,"column":14},"end":{"line":15,"column":56}},"4":{"start":{"line":16,"column":0},"end":{"line":16,"column":24}}},"fnMap":{},"branchMap":{},"s":{"0":1,"1":1,"2":1,"3":1,"4":1},"f":{},"b":{},"inputSourceMap":null,"_coverageSchema":"1a1c01bbd47fc00a2c39e90264f33305004495a9","hash":"4f67cba02765ce9f9f9aa90fd133488cee8d56d4"}
,"C:\\Users\\yuval\\Desktop\\College of Management\\lastYear2025\\WebApp\\Hiasatarotze\\dist\\models\\user_model.js": {"path":"C:\\Users\\yuval\\Desktop\\College of Management\\lastYear2025\\WebApp\\Hiasatarotze\\dist\\models\\user_model.js","statementMap":{"0":{"start":{"line":2,"column":0},"end":{"line":2,"column":62}},"1":{"start":{"line":3,"column":19},"end":{"line":3,"column":38}},"2":{"start":{"line":4,"column":19},"end":{"line":22,"column":2}},"3":{"start":{"line":23,"column":14},"end":{"line":23,"column":55}},"4":{"start":{"line":24,"column":0},"end":{"line":24,"column":24}}},"fnMap":{},"branchMap":{},"s":{"0":1,"1":1,"2":1,"3":1,"4":1},"f":{},"b":{},"inputSourceMap":null,"_coverageSchema":"1a1c01bbd47fc00a2c39e90264f33305004495a9","hash":"d6a5312fe8e9dc6fb7a328910816eabd320238c3"}
,"C:\\Users\\yuval\\Desktop\\College of Management\\lastYear2025\\WebApp\\Hiasatarotze\\dist\\routes\\auth_routes.js": {"path":"C:\\Users\\yuval\\Desktop\\College of Management\\lastYear2025\\WebApp\\Hiasatarotze\\dist\\routes\\auth_routes.js","statementMap":{"0":{"start":{"line":2,"column":22},"end":{"line":4,"column":1}},"1":{"start":{"line":3,"column":4},"end":{"line":3,"column":62}},"2":{"start":{"line":5,"column":0},"end":{"line":5,"column":62}},"3":{"start":{"line":6,"column":18},"end":{"line":6,"column":53}},"4":{"start":{"line":7,"column":26},"end":{"line":7,"column":84}},"5":{"start":{"line":8,"column":15},"end":{"line":8,"column":41}},"6":{"start":{"line":64,"column":0},"end":{"line":64,"column":61}},"7":{"start":{"line":107,"column":0},"end":{"line":107,"column":55}},"8":{"start":{"line":133,"column":0},"end":{"line":133,"column":57}},"9":{"start":{"line":170,"column":0},"end":{"line":170,"column":59}},"10":{"start":{"line":171,"column":0},"end":{"line":171,"column":25}}},"fnMap":{"0":{"name":"(anonymous_0)","decl":{"start":{"line":2,"column":56},"end":{"line":2,"column":57}},"loc":{"start":{"line":2,"column":71},"end":{"line":4,"column":1}},"line":2}},"branchMap":{"0":{"loc":{"start":{"line":2,"column":22},"end":{"line":4,"column":1}},"type":"binary-expr","locations":[{"start":{"line":2,"column":23},"end":{"line":2,"column":27}},{"start":{"line":2,"column":31},"end":{"line":2,"column":51}},{"start":{"line":2,"column":56},"end":{"line":4,"column":1}}],"line":2},"1":{"loc":{"start":{"line":3,"column":11},"end":{"line":3,"column":61}},"type":"cond-expr","locations":[{"start":{"line":3,"column":37},"end":{"line":3,"column":40}},{"start":{"line":3,"column":43},"end":{"line":3,"column":61}}],"line":3},"2":{"loc":{"start":{"line":3,"column":12},"end":{"line":3,"column":33}},"type":"binary-expr","locations":[{"start":{"line":3,"column":12},"end":{"line":3,"column":15}},{"start":{"line":3,"column":19},"end":{"line":3,"column":33}}],"line":3}},"s":{"0":1,"1":2,"2":1,"3":1,"4":1,"5":1,"6":1,"7":1,"8":1,"9":1,"10":1},"f":{"0":2},"b":{"0":[1,1,1],"1":[1,1],"2":[2,2]},"inputSourceMap":null,"_coverageSchema":"1a1c01bbd47fc00a2c39e90264f33305004495a9","hash":"1f8524432d5dfd2fe076adee5ed1742b55c63add"}
,"C:\\Users\\yuval\\Desktop\\College of Management\\lastYear2025\\WebApp\\Hiasatarotze\\dist\\routes\\comments_routes.js": {"path":"C:\\Users\\yuval\\Desktop\\College of Management\\lastYear2025\\WebApp\\Hiasatarotze\\dist\\routes\\comments_routes.js","statementMap":{"0":{"start":{"line":2,"column":22},"end":{"line":4,"column":1}},"1":{"start":{"line":3,"column":4},"end":{"line":3,"column":62}},"2":{"start":{"line":5,"column":0},"end":{"line":5,"column":62}},"3":{"start":{"line":6,"column":18},"end":{"line":6,"column":53}},"4":{"start":{"line":7,"column":31},"end":{"line":7,"column":94}},"5":{"start":{"line":8,"column":26},"end":{"line":8,"column":67}},"6":{"start":{"line":9,"column":15},"end":{"line":9,"column":41}},"7":{"start":{"line":10,"column":0},"end":{"line":10,"column":45}},"8":{"start":{"line":49,"column":0},"end":{"line":49,"column":63}},"9":{"start":{"line":63,"column":0},"end":{"line":63,"column":63}},"10":{"start":{"line":88,"column":0},"end":{"line":88,"column":75}},"11":{"start":{"line":123,"column":0},"end":{"line":123,"column":65}},"12":{"start":{"line":148,"column":0},"end":{"line":148,"column":68}},"13":{"start":{"line":149,"column":0},"end":{"line":149,"column":25}}},"fnMap":{"0":{"name":"(anonymous_0)","decl":{"start":{"line":2,"column":56},"end":{"line":2,"column":57}},"loc":{"start":{"line":2,"column":71},"end":{"line":4,"column":1}},"line":2}},"branchMap":{"0":{"loc":{"start":{"line":2,"column":22},"end":{"line":4,"column":1}},"type":"binary-expr","locations":[{"start":{"line":2,"column":23},"end":{"line":2,"column":27}},{"start":{"line":2,"column":31},"end":{"line":2,"column":51}},{"start":{"line":2,"column":56},"end":{"line":4,"column":1}}],"line":2},"1":{"loc":{"start":{"line":3,"column":11},"end":{"line":3,"column":61}},"type":"cond-expr","locations":[{"start":{"line":3,"column":37},"end":{"line":3,"column":40}},{"start":{"line":3,"column":43},"end":{"line":3,"column":61}}],"line":3},"2":{"loc":{"start":{"line":3,"column":12},"end":{"line":3,"column":33}},"type":"binary-expr","locations":[{"start":{"line":3,"column":12},"end":{"line":3,"column":15}},{"start":{"line":3,"column":19},"end":{"line":3,"column":33}}],"line":3}},"s":{"0":1,"1":2,"2":1,"3":1,"4":1,"5":1,"6":1,"7":1,"8":1,"9":1,"10":1,"11":1,"12":1,"13":1},"f":{"0":2},"b":{"0":[1,1,1],"1":[1,1],"2":[2,2]},"inputSourceMap":null,"_coverageSchema":"1a1c01bbd47fc00a2c39e90264f33305004495a9","hash":"ac6469eb937353188a4f17dba2ad289c2c9f1c32"}
,"C:\\Users\\yuval\\Desktop\\College of Management\\lastYear2025\\WebApp\\Hiasatarotze\\dist\\routes\\posts_routes.js": {"path":"C:\\Users\\yuval\\Desktop\\College of Management\\lastYear2025\\WebApp\\Hiasatarotze\\dist\\routes\\posts_routes.js","statementMap":{"0":{"start":{"line":2,"column":22},"end":{"line":4,"column":1}},"1":{"start":{"line":3,"column":4},"end":{"line":3,"column":62}},"2":{"start":{"line":5,"column":0},"end":{"line":5,"column":62}},"3":{"start":{"line":6,"column":18},"end":{"line":6,"column":53}},"4":{"start":{"line":7,"column":27},"end":{"line":7,"column":86}},"5":{"start":{"line":8,"column":26},"end":{"line":8,"column":67}},"6":{"start":{"line":9,"column":15},"end":{"line":9,"column":41}},"7":{"start":{"line":16,"column":0},"end":{"line":16,"column":45}},"8":{"start":{"line":48,"column":0},"end":{"line":48,"column":56}},"9":{"start":{"line":73,"column":0},"end":{"line":73,"column":60}},"10":{"start":{"line":87,"column":0},"end":{"line":87,"column":56}},"11":{"start":{"line":125,"column":0},"end":{"line":125,"column":58}},"12":{"start":{"line":150,"column":0},"end":{"line":150,"column":61}},"13":{"start":{"line":151,"column":0},"end":{"line":151,"column":25}}},"fnMap":{"0":{"name":"(anonymous_0)","decl":{"start":{"line":2,"column":56},"end":{"line":2,"column":57}},"loc":{"start":{"line":2,"column":71},"end":{"line":4,"column":1}},"line":2}},"branchMap":{"0":{"loc":{"start":{"line":2,"column":22},"end":{"line":4,"column":1}},"type":"binary-expr","locations":[{"start":{"line":2,"column":23},"end":{"line":2,"column":27}},{"start":{"line":2,"column":31},"end":{"line":2,"column":51}},{"start":{"line":2,"column":56},"end":{"line":4,"column":1}}],"line":2},"1":{"loc":{"start":{"line":3,"column":11},"end":{"line":3,"column":61}},"type":"cond-expr","locations":[{"start":{"line":3,"column":37},"end":{"line":3,"column":40}},{"start":{"line":3,"column":43},"end":{"line":3,"column":61}}],"line":3},"2":{"loc":{"start":{"line":3,"column":12},"end":{"line":3,"column":33}},"type":"binary-expr","locations":[{"start":{"line":3,"column":12},"end":{"line":3,"column":15}},{"start":{"line":3,"column":19},"end":{"line":3,"column":33}}],"line":3}},"s":{"0":1,"1":2,"2":1,"3":1,"4":1,"5":1,"6":1,"7":1,"8":1,"9":1,"10":1,"11":1,"12":1,"13":1},"f":{"0":2},"b":{"0":[1,1,1],"1":[1,1],"2":[2,2]},"inputSourceMap":null,"_coverageSchema":"1a1c01bbd47fc00a2c39e90264f33305004495a9","hash":"cd4b3916857c54141597f09f5a5e57f5da914bba"}
,"C:\\Users\\yuval\\Desktop\\College of Management\\lastYear2025\\WebApp\\Hiasatarotze\\dist\\routes\\users_routes.js": {"path":"C:\\Users\\yuval\\Desktop\\College of Management\\lastYear2025\\WebApp\\Hiasatarotze\\dist\\routes\\users_routes.js","statementMap":{"0":{"start":{"line":2,"column":22},"end":{"line":4,"column":1}},"1":{"start":{"line":3,"column":4},"end":{"line":3,"column":62}},"2":{"start":{"line":5,"column":0},"end":{"line":5,"column":62}},"3":{"start":{"line":6,"column":18},"end":{"line":6,"column":53}},"4":{"start":{"line":7,"column":26},"end":{"line":7,"column":84}},"5":{"start":{"line":8,"column":26},"end":{"line":8,"column":67}},"6":{"start":{"line":9,"column":15},"end":{"line":9,"column":41}},"7":{"start":{"line":10,"column":0},"end":{"line":10,"column":45}},"8":{"start":{"line":48,"column":0},"end":{"line":48,"column":52}},"9":{"start":{"line":62,"column":0},"end":{"line":62,"column":55}},"10":{"start":{"line":87,"column":0},"end":{"line":87,"column":58}},"11":{"start":{"line":128,"column":0},"end":{"line":128,"column":57}},"12":{"start":{"line":153,"column":0},"end":{"line":153,"column":60}},"13":{"start":{"line":154,"column":0},"end":{"line":154,"column":25}}},"fnMap":{"0":{"name":"(anonymous_0)","decl":{"start":{"line":2,"column":56},"end":{"line":2,"column":57}},"loc":{"start":{"line":2,"column":71},"end":{"line":4,"column":1}},"line":2}},"branchMap":{"0":{"loc":{"start":{"line":2,"column":22},"end":{"line":4,"column":1}},"type":"binary-expr","locations":[{"start":{"line":2,"column":23},"end":{"line":2,"column":27}},{"start":{"line":2,"column":31},"end":{"line":2,"column":51}},{"start":{"line":2,"column":56},"end":{"line":4,"column":1}}],"line":2},"1":{"loc":{"start":{"line":3,"column":11},"end":{"line":3,"column":61}},"type":"cond-expr","locations":[{"start":{"line":3,"column":37},"end":{"line":3,"column":40}},{"start":{"line":3,"column":43},"end":{"line":3,"column":61}}],"line":3},"2":{"loc":{"start":{"line":3,"column":12},"end":{"line":3,"column":33}},"type":"binary-expr","locations":[{"start":{"line":3,"column":12},"end":{"line":3,"column":15}},{"start":{"line":3,"column":19},"end":{"line":3,"column":33}}],"line":3}},"s":{"0":1,"1":2,"2":1,"3":1,"4":1,"5":1,"6":1,"7":1,"8":1,"9":1,"10":1,"11":1,"12":1,"13":1},"f":{"0":2},"b":{"0":[1,1,1],"1":[1,1],"2":[2,2]},"inputSourceMap":null,"_coverageSchema":"1a1c01bbd47fc00a2c39e90264f33305004495a9","hash":"b5967d07f71d99d3594427c5bab028dda23773a4"}
,"C:\\Users\\yuval\\Desktop\\College of Management\\lastYear2025\\WebApp\\Hiasatarotze\\models\\comments_model.ts": {"path":"C:\\Users\\yuval\\Desktop\\College of Management\\lastYear2025\\WebApp\\Hiasatarotze\\models\\comments_model.ts","statementMap":{"0":{"start":{"line":1,"column":0},"end":{"line":1,"column":39}},"1":{"start":{"line":9,"column":22},"end":{"line":23,"column":2}},"2":{"start":{"line":25,"column":16},"end":{"line":25,"column":57}},"3":{"start":{"line":26,"column":0},"end":{"line":26,"column":23}}},"fnMap":{},"branchMap":{},"s":{"0":4,"1":4,"2":4,"3":4},"f":{},"b":{}}
,"C:\\Users\\yuval\\Desktop\\College of Management\\lastYear2025\\WebApp\\Hiasatarotze\\models\\post_model.ts": {"path":"C:\\Users\\yuval\\Desktop\\College of Management\\lastYear2025\\WebApp\\Hiasatarotze\\models\\post_model.ts","statementMap":{"0":{"start":{"line":1,"column":0},"end":{"line":1,"column":39}},"1":{"start":{"line":9,"column":19},"end":{"line":19,"column":2}},"2":{"start":{"line":21,"column":14},"end":{"line":21,"column":46}},"3":{"start":{"line":22,"column":0},"end":{"line":22,"column":21}}},"fnMap":{},"branchMap":{},"s":{"0":4,"1":4,"2":4,"3":4},"f":{},"b":{}}
,"C:\\Users\\yuval\\Desktop\\College of Management\\lastYear2025\\WebApp\\Hiasatarotze\\models\\user_model.ts": {"path":"C:\\Users\\yuval\\Desktop\\College of Management\\lastYear2025\\WebApp\\Hiasatarotze\\models\\user_model.ts","statementMap":{"0":{"start":{"line":1,"column":0},"end":{"line":1,"column":41}},"1":{"start":{"line":10,"column":19},"end":{"line":29,"column":2}},"2":{"start":{"line":31,"column":14},"end":{"line":31,"column":45}},"3":{"start":{"line":32,"column":0},"end":{"line":32,"column":21}}},"fnMap":{},"branchMap":{},"s":{"0":4,"1":4,"2":4,"3":4},"f":{},"b":{}}
,"C:\\Users\\yuval\\Desktop\\College of Management\\lastYear2025\\WebApp\\Hiasatarotze\\routes\\auth_routes.ts": {"path":"C:\\Users\\yuval\\Desktop\\College of Management\\lastYear2025\\WebApp\\Hiasatarotze\\routes\\auth_routes.ts","statementMap":{"0":{"start":{"line":1,"column":0},"end":{"line":1,"column":30}},"1":{"start":{"line":2,"column":0},"end":{"line":2,"column":50}},"2":{"start":{"line":4,"column":15},"end":{"line":4,"column":31}},"3":{"start":{"line":63,"column":0},"end":{"line":63,"column":40}},"4":{"start":{"line":108,"column":0},"end":{"line":108,"column":34}},"5":{"start":{"line":136,"column":0},"end":{"line":136,"column":36}},"6":{"start":{"line":175,"column":0},"end":{"line":175,"column":38}},"7":{"start":{"line":177,"column":0},"end":{"line":177,"column":22}}},"fnMap":{},"branchMap":{},"s":{"0":4,"1":4,"2":4,"3":4,"4":4,"5":4,"6":4,"7":4},"f":{},"b":{}}
,"C:\\Users\\yuval\\Desktop\\College of Management\\lastYear2025\\WebApp\\Hiasatarotze\\routes\\comments_routes.ts": {"path":"C:\\Users\\yuval\\Desktop\\College of Management\\lastYear2025\\WebApp\\Hiasatarotze\\routes\\comments_routes.ts","statementMap":{"0":{"start":{"line":1,"column":0},"end":{"line":1,"column":30}},"1":{"start":{"line":2,"column":0},"end":{"line":2,"column":58}},"2":{"start":{"line":3,"column":0},"end":{"line":3,"column":64}},"3":{"start":{"line":5,"column":15},"end":{"line":5,"column":31}},"4":{"start":{"line":7,"column":0},"end":{"line":7,"column":27}},"5":{"start":{"line":49,"column":0},"end":{"line":49,"column":40}},"6":{"start":{"line":65,"column":0},"end":{"line":65,"column":40}},"7":{"start":{"line":92,"column":0},"end":{"line":92,"column":52}},"8":{"start":{"line":129,"column":0},"end":{"line":129,"column":42}},"9":{"start":{"line":156,"column":0},"end":{"line":156,"column":45}},"10":{"start":{"line":158,"column":0},"end":{"line":158,"column":22}}},"fnMap":{},"branchMap":{},"s":{"0":4,"1":4,"2":4,"3":4,"4":4,"5":4,"6":4,"7":4,"8":4,"9":4,"10":4},"f":{},"b":{}}
,"C:\\Users\\yuval\\Desktop\\College of Management\\lastYear2025\\WebApp\\Hiasatarotze\\routes\\posts_routes.ts": {"path":"C:\\Users\\yuval\\Desktop\\College of Management\\lastYear2025\\WebApp\\Hiasatarotze\\routes\\posts_routes.ts","statementMap":{"0":{"start":{"line":1,"column":0},"end":{"line":1,"column":30}},"1":{"start":{"line":2,"column":0},"end":{"line":2,"column":51}},"2":{"start":{"line":3,"column":0},"end":{"line":3,"column":64}},"3":{"start":{"line":5,"column":15},"end":{"line":5,"column":31}},"4":{"start":{"line":14,"column":0},"end":{"line":14,"column":27}},"5":{"start":{"line":48,"column":0},"end":{"line":48,"column":34}},"6":{"start":{"line":75,"column":0},"end":{"line":75,"column":38}},"7":{"start":{"line":91,"column":0},"end":{"line":91,"column":34}},"8":{"start":{"line":131,"column":0},"end":{"line":131,"column":36}},"9":{"start":{"line":158,"column":0},"end":{"line":158,"column":39}},"10":{"start":{"line":160,"column":0},"end":{"line":160,"column":22}}},"fnMap":{},"branchMap":{},"s":{"0":4,"1":4,"2":4,"3":4,"4":4,"5":4,"6":4,"7":4,"8":4,"9":4,"10":4},"f":{},"b":{}}
,"C:\\Users\\yuval\\Desktop\\College of Management\\lastYear2025\\WebApp\\Hiasatarotze\\routes\\users_routes.ts": {"path":"C:\\Users\\yuval\\Desktop\\College of Management\\lastYear2025\\WebApp\\Hiasatarotze\\routes\\users_routes.ts","statementMap":{"0":{"start":{"line":1,"column":0},"end":{"line":1,"column":30}},"1":{"start":{"line":2,"column":0},"end":{"line":2,"column":50}},"2":{"start":{"line":3,"column":0},"end":{"line":3,"column":64}},"3":{"start":{"line":5,"column":15},"end":{"line":5,"column":31}},"4":{"start":{"line":7,"column":0},"end":{"line":7,"column":27}},"5":{"start":{"line":46,"column":0},"end":{"line":46,"column":31}},"6":{"start":{"line":61,"column":0},"end":{"line":61,"column":34}},"7":{"start":{"line":87,"column":0},"end":{"line":87,"column":37}},"8":{"start":{"line":129,"column":0},"end":{"line":129,"column":36}},"9":{"start":{"line":155,"column":0},"end":{"line":155,"column":39}},"10":{"start":{"line":157,"column":0},"end":{"line":157,"column":22}}},"fnMap":{},"branchMap":{},"s":{"0":4,"1":4,"2":4,"3":4,"4":4,"5":4,"6":4,"7":4,"8":4,"9":4,"10":4},"f":{},"b":{}}
}
