TN:
SF:server.ts
FN:26,(anonymous_8)
FN:26,(anonymous_9)
FN:34,(anonymous_10)
FNF:3
FNH:3
FNDA:4,(anonymous_8)
FNDA:4,(anonymous_9)
FNDA:4,(anonymous_10)
DA:1,4
DA:2,4
DA:3,4
DA:4,4
DA:5,4
DA:6,4
DA:7,4
DA:8,4
DA:9,4
DA:10,4
DA:12,4
DA:24,4
DA:26,4
DA:27,4
DA:28,4
DA:30,4
DA:34,4
DA:35,4
DA:38,4
DA:40,4
DA:41,4
DA:43,4
DA:44,4
DA:45,4
DA:46,4
DA:48,4
LF:26
LH:26
BRDA:38,0,0,4
BRDA:38,0,1,0
BRDA:38,1,0,4
BRDA:38,1,1,4
BRF:4
BRH:3
end_of_record
TN:
SF:controllers\auth_controller.ts
FN:12,sendError
FN:19,(anonymous_9)
FN:19,(anonymous_10)
FN:52,(anonymous_11)
FN:83,(anonymous_12)
FN:83,(anonymous_13)
FN:126,(anonymous_14)
FN:126,(anonymous_15)
FN:142,(anonymous_16)
FN:142,(anonymous_17)
FN:162,(anonymous_18)
FN:174,(anonymous_19)
FN:174,(anonymous_20)
FN:188,(anonymous_21)
FN:188,(anonymous_22)
FN:219,(anonymous_23)
FN:237,(anonymous_24)
FN:252,(anonymous_25)
FNF:18
FNH:18
FNDA:5,sendError
FNDA:6,(anonymous_9)
FNDA:6,(anonymous_10)
FNDA:8,(anonymous_11)
FNDA:8,(anonymous_12)
FNDA:8,(anonymous_13)
FNDA:2,(anonymous_14)
FNDA:2,(anonymous_15)
FNDA:1,(anonymous_16)
FNDA:1,(anonymous_17)
FNDA:2,(anonymous_18)
FNDA:6,(anonymous_19)
FNDA:6,(anonymous_20)
FNDA:5,(anonymous_21)
FNDA:5,(anonymous_22)
FNDA:3,(anonymous_23)
FNDA:36,(anonymous_24)
FNDA:35,(anonymous_25)
DA:6,4
DA:7,4
DA:8,4
DA:9,4
DA:13,5
DA:19,6
DA:20,6
DA:22,6
DA:24,6
DA:25,1
DA:28,5
DA:29,5
DA:30,5
DA:31,2
DA:34,0
DA:37,3
DA:38,3
DA:39,3
DA:40,3
DA:45,3
DA:46,3
DA:48,0
DA:52,4
DA:58,8
DA:59,8
DA:60,0
DA:62,8
DA:71,8
DA:80,8
DA:83,8
DA:84,8
DA:85,8
DA:87,8
DA:88,1
DA:91,7
DA:92,7
DA:93,7
DA:94,1
DA:97,6
DA:98,6
DA:99,0
DA:102,6
DA:103,6
DA:104,6
DA:105,0
DA:106,0
DA:109,6
DA:110,0
DA:112,6
DA:113,6
DA:114,6
DA:122,0
DA:126,4
DA:127,2
DA:128,2
DA:129,2
DA:130,1
DA:131,1
DA:134,1
DA:135,0
DA:136,0
DA:139,1
DA:142,1
DA:143,1
DA:144,0
DA:145,0
DA:148,1
DA:149,1
DA:150,1
DA:151,1
DA:152,0
DA:153,0
DA:155,1
DA:156,0
DA:157,0
DA:158,0
DA:159,0
DA:161,1
DA:162,2
DA:164,1
DA:165,1
DA:166,1
DA:168,0
DA:174,6
DA:176,6
DA:177,6
DA:178,1
DA:179,1
DA:181,5
DA:182,0
DA:183,0
DA:185,5
DA:188,5
DA:189,5
DA:190,0
DA:191,0
DA:194,5
DA:195,5
DA:196,5
DA:197,5
DA:198,0
DA:199,0
DA:202,5
DA:203,3
DA:204,3
DA:205,3
DA:206,3
DA:209,2
DA:210,2
DA:211,0
DA:212,0
DA:213,0
DA:214,0
DA:218,2
DA:219,3
DA:222,2
DA:223,2
DA:226,2
DA:231,0
DA:237,4
DA:242,36
DA:243,36
DA:244,36
DA:245,1
DA:246,1
DA:248,35
DA:249,0
DA:250,0
DA:252,35
DA:253,35
DA:254,1
DA:255,1
DA:257,34
DA:258,34
DA:259,34
DA:263,4
LF:136
LH:104
BRDA:24,0,0,1
BRDA:24,1,0,6
BRDA:24,1,1,5
BRDA:30,2,0,2
BRDA:59,3,0,0
BRDA:87,4,0,1
BRDA:87,5,0,8
BRDA:87,5,1,8
BRDA:93,6,0,1
BRDA:98,7,0,0
BRDA:104,8,0,0
BRDA:109,9,0,0
BRDA:129,10,0,1
BRDA:134,11,0,0
BRDA:143,12,0,0
BRDA:151,13,0,0
BRDA:155,14,0,0
BRDA:155,15,0,1
BRDA:155,15,1,1
BRDA:177,16,0,1
BRDA:181,17,0,0
BRDA:189,18,0,0
BRDA:197,19,0,0
BRDA:202,20,0,3
BRDA:202,21,0,5
BRDA:202,21,1,5
BRDA:210,22,0,0
BRDA:243,23,0,36
BRDA:243,23,1,35
BRDA:244,24,0,1
BRDA:248,25,0,0
BRDA:253,26,0,1
BRF:32
BRH:19
end_of_record
TN:
SF:controllers\base_controller.ts
FN:5,(anonymous_7)
FN:6,(anonymous_8)
FN:16,(anonymous_10)
FN:16,(anonymous_11)
FN:25,(anonymous_12)
FN:38,(anonymous_14)
FN:54,(anonymous_16)
FN:68,(anonymous_18)
FNF:8
FNH:8
FNDA:12,(anonymous_7)
FNDA:13,(anonymous_8)
FNDA:8,(anonymous_10)
FNDA:8,(anonymous_11)
FNDA:6,(anonymous_12)
FNDA:3,(anonymous_14)
FNDA:4,(anonymous_16)
FNDA:12,(anonymous_18)
DA:5,12
DA:7,13
DA:8,13
DA:9,13
DA:10,12
DA:12,1
DA:16,8
DA:17,8
DA:18,8
DA:19,8
DA:21,0
DA:26,6
DA:27,6
DA:28,5
DA:29,3
DA:30,3
DA:32,2
DA:34,1
DA:39,3
DA:40,3
DA:41,3
DA:42,3
DA:45,3
DA:47,0
DA:50,0
DA:55,4
DA:56,4
DA:57,4
DA:58,4
DA:60,0
DA:63,0
DA:68,12
DA:69,4
LF:33
LH:28
BRDA:16,0,0,5
BRDA:28,1,0,3
BRDA:39,2,0,3
BRDA:39,2,1,0
BRDA:55,3,0,4
BRDA:55,3,1,0
BRF:6
BRH:4
end_of_record
TN:
SF:controllers\comments_controllers.ts
FN:8,(anonymous_8)
FN:8,(anonymous_9)
FN:13,(anonymous_10)
FN:13,(anonymous_11)
FN:18,(anonymous_12)
FN:18,(anonymous_13)
FN:24,(anonymous_14)
FN:24,(anonymous_15)
FN:30,(anonymous_16)
FN:30,(anonymous_17)
FNF:10
FNH:10
FNDA:1,(anonymous_8)
FNDA:1,(anonymous_9)
FNDA:4,(anonymous_10)
FNDA:4,(anonymous_11)
FNDA:1,(anonymous_12)
FNDA:1,(anonymous_13)
FNDA:1,(anonymous_14)
FNDA:1,(anonymous_15)
FNDA:1,(anonymous_16)
FNDA:1,(anonymous_17)
DA:2,4
DA:3,4
DA:5,4
DA:8,4
DA:9,1
DA:13,4
DA:14,4
DA:18,4
DA:19,1
DA:20,1
DA:24,4
DA:25,1
DA:26,1
DA:30,4
DA:31,1
DA:32,1
DA:35,4
LF:17
LH:17
BRF:0
BRH:0
end_of_record
TN:
SF:controllers\post_controllers.ts
FN:7,(anonymous_8)
FN:7,(anonymous_9)
FN:13,(anonymous_10)
FN:13,(anonymous_11)
FN:19,(anonymous_12)
FN:19,(anonymous_13)
FN:24,(anonymous_14)
FN:24,(anonymous_15)
FN:29,(anonymous_16)
FN:29,(anonymous_17)
FNF:10
FNH:8
FNDA:7,(anonymous_8)
FNDA:7,(anonymous_9)
FNDA:2,(anonymous_10)
FNDA:2,(anonymous_11)
FNDA:3,(anonymous_12)
FNDA:3,(anonymous_13)
FNDA:0,(anonymous_14)
FNDA:0,(anonymous_15)
FNDA:1,(anonymous_16)
FNDA:1,(anonymous_17)
DA:2,4
DA:3,4
DA:5,4
DA:7,7
DA:8,7
DA:9,7
DA:10,7
DA:13,4
DA:14,2
DA:15,2
DA:16,2
DA:19,4
DA:20,3
DA:21,3
DA:24,4
DA:25,0
DA:26,0
DA:29,4
DA:30,1
DA:31,1
DA:34,4
LF:21
LH:19
BRDA:14,0,0,1
BRDA:14,0,1,1
BRF:2
BRH:2
end_of_record
TN:
SF:controllers\user_controller.ts
FN:7,(anonymous_8)
FN:7,(anonymous_9)
FN:11,(anonymous_10)
FN:11,(anonymous_11)
FN:15,(anonymous_12)
FN:15,(anonymous_13)
FN:20,(anonymous_14)
FN:20,(anonymous_15)
FN:25,(anonymous_16)
FN:25,(anonymous_17)
FNF:10
FNH:10
FNDA:5,(anonymous_8)
FNDA:5,(anonymous_9)
FNDA:1,(anonymous_10)
FNDA:1,(anonymous_11)
FNDA:3,(anonymous_12)
FNDA:3,(anonymous_13)
FNDA:2,(anonymous_14)
FNDA:2,(anonymous_15)
FNDA:2,(anonymous_16)
FNDA:2,(anonymous_17)
DA:2,4
DA:3,4
DA:5,4
DA:7,5
DA:8,5
DA:11,4
DA:12,1
DA:15,4
DA:16,3
DA:17,3
DA:20,4
DA:21,2
DA:22,2
DA:25,4
DA:26,2
DA:27,2
DA:30,4
LF:17
LH:17
BRF:0
BRH:0
end_of_record
TN:
SF:dist\server.js
FN:2,(anonymous_0)
FN:3,adopt
FN:3,(anonymous_2)
FN:4,(anonymous_3)
FN:5,fulfilled
FN:6,rejected
FN:7,step
FN:11,(anonymous_7)
FN:39,(anonymous_8)
FN:39,(anonymous_9)
FN:44,(anonymous_10)
FNF:11
FNH:9
FNDA:1,(anonymous_0)
FNDA:1,adopt
FNDA:0,(anonymous_2)
FNDA:1,(anonymous_3)
FNDA:1,fulfilled
FNDA:0,rejected
FNDA:2,step
FNDA:9,(anonymous_7)
FNDA:1,(anonymous_8)
FNDA:1,(anonymous_9)
FNDA:1,(anonymous_10)
DA:2,1
DA:3,1
DA:4,1
DA:5,1
DA:6,0
DA:7,2
DA:8,1
DA:11,1
DA:12,9
DA:14,1
DA:15,1
DA:16,1
DA:17,1
DA:18,1
DA:19,1
DA:20,1
DA:21,1
DA:22,1
DA:23,1
DA:24,1
DA:25,1
DA:26,1
DA:38,1
DA:39,1
DA:41,1
DA:42,1
DA:43,1
DA:44,1
DA:45,1
DA:47,1
DA:48,1
DA:49,1
DA:50,1
DA:51,1
DA:52,1
DA:53,1
DA:54,1
DA:56,1
LF:38
LH:37
BRDA:2,0,0,1
BRDA:2,0,1,1
BRDA:2,0,2,1
BRDA:3,1,0,1
BRDA:3,1,1,0
BRDA:4,2,0,1
BRDA:4,2,1,1
BRDA:7,3,0,1
BRDA:7,3,1,1
BRDA:8,4,0,1
BRDA:8,4,1,1
BRDA:11,5,0,1
BRDA:11,5,1,1
BRDA:11,5,2,1
BRDA:12,6,0,4
BRDA:12,6,1,5
BRDA:12,7,0,9
BRDA:12,7,1,9
BRDA:47,8,0,1
BRDA:47,8,1,0
BRDA:47,9,0,1
BRDA:47,9,1,1
BRF:22
BRH:20
end_of_record
TN:
SF:dist\controllers\auth_controller.js
FN:2,(anonymous_0)
FN:3,adopt
FN:3,(anonymous_2)
FN:4,(anonymous_3)
FN:5,fulfilled
FN:6,rejected
FN:7,step
FN:11,(anonymous_7)
FN:20,sendError
FN:26,(anonymous_9)
FN:26,(anonymous_10)
FN:56,(anonymous_11)
FN:71,(anonymous_12)
FN:71,(anonymous_13)
FN:109,(anonymous_14)
FN:109,(anonymous_15)
FN:120,(anonymous_16)
FN:120,(anonymous_17)
FN:138,(anonymous_18)
FN:148,(anonymous_19)
FN:148,(anonymous_20)
FN:159,(anonymous_21)
FN:159,(anonymous_22)
FN:188,(anonymous_23)
FN:203,(anonymous_24)
FN:214,(anonymous_25)
FNF:26
FNH:14
FNDA:2,(anonymous_0)
FNDA:7,adopt
FNDA:2,(anonymous_2)
FNDA:2,(anonymous_3)
FNDA:7,fulfilled
FNDA:0,rejected
FNDA:9,step
FNDA:3,(anonymous_7)
FNDA:0,sendError
FNDA:1,(anonymous_9)
FNDA:1,(anonymous_10)
FNDA:1,(anonymous_11)
FNDA:1,(anonymous_12)
FNDA:1,(anonymous_13)
FNDA:0,(anonymous_14)
FNDA:0,(anonymous_15)
FNDA:0,(anonymous_16)
FNDA:0,(anonymous_17)
FNDA:0,(anonymous_18)
FNDA:0,(anonymous_19)
FNDA:0,(anonymous_20)
FNDA:0,(anonymous_21)
FNDA:0,(anonymous_22)
FNDA:0,(anonymous_23)
FNDA:12,(anonymous_24)
FNDA:12,(anonymous_25)
DA:2,1
DA:3,7
DA:4,2
DA:5,7
DA:6,0
DA:7,9
DA:8,2
DA:11,1
DA:12,3
DA:14,1
DA:15,1
DA:16,1
DA:17,1
DA:18,1
DA:19,1
DA:21,0
DA:26,1
DA:27,1
DA:28,1
DA:29,1
DA:30,0
DA:32,1
DA:33,1
DA:34,1
DA:35,0
DA:39,0
DA:41,1
DA:42,1
DA:43,1
DA:44,1
DA:49,1
DA:50,1
DA:53,0
DA:56,1
DA:57,1
DA:58,1
DA:59,0
DA:61,1
DA:65,1
DA:69,1
DA:71,1
DA:72,1
DA:73,1
DA:74,1
DA:75,0
DA:77,1
DA:78,1
DA:79,1
DA:80,0
DA:82,1
DA:83,1
DA:84,0
DA:86,1
DA:87,1
DA:88,1
DA:89,0
DA:90,0
DA:92,1
DA:93,0
DA:95,1
DA:96,1
DA:97,1
DA:106,0
DA:109,1
DA:110,0
DA:111,0
DA:112,0
DA:113,0
DA:114,0
DA:116,0
DA:117,0
DA:118,0
DA:120,0
DA:121,0
DA:122,0
DA:123,0
DA:125,0
DA:126,0
DA:127,0
DA:128,0
DA:129,0
DA:130,0
DA:132,0
DA:133,0
DA:134,0
DA:135,0
DA:136,0
DA:138,0
DA:139,0
DA:140,0
DA:141,0
DA:144,0
DA:148,1
DA:150,0
DA:151,0
DA:152,0
DA:153,0
DA:155,0
DA:156,0
DA:157,0
DA:159,0
DA:160,0
DA:161,0
DA:162,0
DA:165,0
DA:166,0
DA:167,0
DA:168,0
DA:169,0
DA:170,0
DA:173,0
DA:174,0
DA:175,0
DA:176,0
DA:177,0
DA:180,0
DA:181,0
DA:182,0
DA:183,0
DA:184,0
DA:185,0
DA:188,0
DA:190,0
DA:191,0
DA:193,0
DA:199,0
DA:203,1
DA:204,12
DA:205,12
DA:206,12
DA:207,0
DA:208,0
DA:210,12
DA:211,0
DA:212,0
DA:214,12
DA:215,12
DA:216,0
DA:217,0
DA:219,12
DA:220,12
DA:221,12
DA:224,1
DA:225,1
LF:144
LH:63
BRDA:2,0,0,1
BRDA:2,0,1,1
BRDA:2,0,2,1
BRDA:3,1,0,5
BRDA:3,1,1,2
BRDA:4,2,0,2
BRDA:4,2,1,2
BRDA:7,3,0,2
BRDA:7,3,1,7
BRDA:8,4,0,2
BRDA:8,4,1,2
BRDA:11,5,0,1
BRDA:11,5,1,1
BRDA:11,5,2,1
BRDA:12,6,0,1
BRDA:12,6,1,2
BRDA:12,7,0,3
BRDA:12,7,1,3
BRDA:29,8,0,0
BRDA:29,8,1,1
BRDA:29,9,0,1
BRDA:29,9,1,1
BRDA:34,10,0,0
BRDA:34,10,1,1
BRDA:58,11,0,0
BRDA:58,11,1,1
BRDA:74,12,0,0
BRDA:74,12,1,1
BRDA:74,13,0,1
BRDA:74,13,1,1
BRDA:79,14,0,0
BRDA:79,14,1,1
BRDA:83,15,0,0
BRDA:83,15,1,1
BRDA:88,16,0,0
BRDA:88,16,1,1
BRDA:92,17,0,0
BRDA:92,17,1,1
BRDA:112,18,0,0
BRDA:112,18,1,0
BRDA:116,19,0,0
BRDA:116,19,1,0
BRDA:121,20,0,0
BRDA:121,20,1,0
BRDA:128,21,0,0
BRDA:128,21,1,0
BRDA:132,22,0,0
BRDA:132,22,1,0
BRDA:132,23,0,0
BRDA:132,23,1,0
BRDA:151,24,0,0
BRDA:151,24,1,0
BRDA:155,25,0,0
BRDA:155,25,1,0
BRDA:160,26,0,0
BRDA:160,26,1,0
BRDA:168,27,0,0
BRDA:168,27,1,0
BRDA:173,28,0,0
BRDA:173,28,1,0
BRDA:173,29,0,0
BRDA:173,29,1,0
BRDA:181,30,0,0
BRDA:181,30,1,0
BRDA:205,31,0,12
BRDA:205,31,1,12
BRDA:206,32,0,0
BRDA:206,32,1,12
BRDA:210,33,0,0
BRDA:210,33,1,12
BRDA:215,34,0,0
BRDA:215,34,1,12
BRF:72
BRH:35
end_of_record
TN:
SF:dist\controllers\base_controller.js
FN:2,(anonymous_0)
FN:3,adopt
FN:3,(anonymous_2)
FN:4,(anonymous_3)
FN:5,fulfilled
FN:6,rejected
FN:7,step
FN:13,(anonymous_7)
FN:16,(anonymous_8)
FN:17,(anonymous_9)
FN:28,(anonymous_10)
FN:29,(anonymous_11)
FN:39,(anonymous_12)
FN:40,(anonymous_13)
FN:54,(anonymous_14)
FN:55,(anonymous_15)
FN:73,(anonymous_16)
FN:74,(anonymous_17)
FN:90,(anonymous_18)
FNF:19
FNH:17
FNDA:12,(anonymous_0)
FNDA:12,adopt
FNDA:6,(anonymous_2)
FNDA:12,(anonymous_3)
FNDA:10,fulfilled
FNDA:2,rejected
FNDA:24,step
FNDA:3,(anonymous_7)
FNDA:6,(anonymous_8)
FNDA:6,(anonymous_9)
FNDA:2,(anonymous_10)
FNDA:2,(anonymous_11)
FNDA:3,(anonymous_12)
FNDA:3,(anonymous_13)
FNDA:0,(anonymous_14)
FNDA:0,(anonymous_15)
FNDA:1,(anonymous_16)
FNDA:1,(anonymous_17)
FNDA:3,(anonymous_18)
DA:2,1
DA:3,12
DA:4,12
DA:5,10
DA:6,2
DA:7,24
DA:8,12
DA:11,1
DA:14,3
DA:17,6
DA:18,6
DA:19,6
DA:20,6
DA:21,5
DA:24,1
DA:29,2
DA:30,2
DA:31,2
DA:32,2
DA:35,0
DA:40,3
DA:41,3
DA:42,3
DA:43,2
DA:44,1
DA:45,1
DA:47,1
DA:50,1
DA:55,0
DA:56,0
DA:57,0
DA:58,0
DA:59,0
DA:62,0
DA:65,0
DA:69,0
DA:74,1
DA:75,1
DA:76,1
DA:77,1
DA:78,1
DA:81,0
DA:85,0
DA:90,3
DA:91,1
LF:45
LH:34
BRDA:2,0,0,1
BRDA:2,0,1,1
BRDA:2,0,2,1
BRDA:3,1,0,6
BRDA:3,1,1,6
BRDA:4,2,0,12
BRDA:4,2,1,12
BRDA:7,3,0,12
BRDA:7,3,1,12
BRDA:8,4,0,12
BRDA:8,4,1,10
BRDA:29,5,0,0
BRDA:43,6,0,1
BRDA:43,6,1,1
BRDA:56,7,0,0
BRDA:56,7,1,0
BRDA:75,8,0,1
BRDA:75,8,1,0
BRF:18
BRH:14
end_of_record
TN:
SF:dist\controllers\comments_controllers.js
FN:2,(anonymous_0)
FN:3,adopt
FN:3,(anonymous_2)
FN:4,(anonymous_3)
FN:5,fulfilled
FN:6,rejected
FN:7,step
FN:11,(anonymous_7)
FN:19,(anonymous_8)
FN:19,(anonymous_9)
FN:23,(anonymous_10)
FN:23,(anonymous_11)
FN:27,(anonymous_12)
FN:27,(anonymous_13)
FN:32,(anonymous_14)
FN:32,(anonymous_15)
FN:37,(anonymous_16)
FN:37,(anonymous_17)
FNF:18
FNH:1
FNDA:0,(anonymous_0)
FNDA:0,adopt
FNDA:0,(anonymous_2)
FNDA:0,(anonymous_3)
FNDA:0,fulfilled
FNDA:0,rejected
FNDA:0,step
FNDA:2,(anonymous_7)
FNDA:0,(anonymous_8)
FNDA:0,(anonymous_9)
FNDA:0,(anonymous_10)
FNDA:0,(anonymous_11)
FNDA:0,(anonymous_12)
FNDA:0,(anonymous_13)
FNDA:0,(anonymous_14)
FNDA:0,(anonymous_15)
FNDA:0,(anonymous_16)
FNDA:0,(anonymous_17)
DA:2,1
DA:3,0
DA:4,0
DA:5,0
DA:6,0
DA:7,0
DA:8,0
DA:11,1
DA:12,2
DA:14,1
DA:15,1
DA:16,1
DA:17,1
DA:19,1
DA:20,0
DA:23,1
DA:24,0
DA:27,1
DA:28,0
DA:29,0
DA:32,1
DA:33,0
DA:34,0
DA:37,1
DA:38,0
DA:39,0
DA:41,1
LF:27
LH:13
BRDA:2,0,0,1
BRDA:2,0,1,1
BRDA:2,0,2,1
BRDA:3,1,0,0
BRDA:3,1,1,0
BRDA:4,2,0,0
BRDA:4,2,1,0
BRDA:7,3,0,0
BRDA:7,3,1,0
BRDA:8,4,0,0
BRDA:8,4,1,0
BRDA:11,5,0,1
BRDA:11,5,1,1
BRDA:11,5,2,1
BRDA:12,6,0,2
BRDA:12,6,1,0
BRDA:12,7,0,2
BRDA:12,7,1,2
BRF:18
BRH:9
end_of_record
TN:
SF:dist\controllers\post_controllers.js
FN:2,(anonymous_0)
FN:3,adopt
FN:3,(anonymous_2)
FN:4,(anonymous_3)
FN:5,fulfilled
FN:6,rejected
FN:7,step
FN:11,(anonymous_7)
FN:18,(anonymous_8)
FN:18,(anonymous_9)
FN:23,(anonymous_10)
FN:23,(anonymous_11)
FN:28,(anonymous_12)
FN:28,(anonymous_13)
FN:32,(anonymous_14)
FN:32,(anonymous_15)
FN:36,(anonymous_16)
FN:36,(anonymous_17)
FNF:18
FNH:14
FNDA:12,(anonymous_0)
FNDA:12,adopt
FNDA:0,(anonymous_2)
FNDA:12,(anonymous_3)
FNDA:12,fulfilled
FNDA:0,rejected
FNDA:24,step
FNDA:2,(anonymous_7)
FNDA:6,(anonymous_8)
FNDA:6,(anonymous_9)
FNDA:2,(anonymous_10)
FNDA:2,(anonymous_11)
FNDA:3,(anonymous_12)
FNDA:3,(anonymous_13)
FNDA:0,(anonymous_14)
FNDA:0,(anonymous_15)
FNDA:1,(anonymous_16)
FNDA:1,(anonymous_17)
DA:2,1
DA:3,12
DA:4,12
DA:5,12
DA:6,0
DA:7,24
DA:8,12
DA:11,1
DA:12,2
DA:14,1
DA:15,1
DA:16,1
DA:17,1
DA:18,6
DA:19,6
DA:20,6
DA:21,6
DA:23,2
DA:24,2
DA:25,2
DA:26,2
DA:28,3
DA:29,3
DA:30,3
DA:32,1
DA:33,0
DA:34,0
DA:36,1
DA:37,1
DA:38,1
DA:40,1
LF:31
LH:28
BRDA:2,0,0,1
BRDA:2,0,1,1
BRDA:2,0,2,1
BRDA:3,1,0,12
BRDA:3,1,1,0
BRDA:4,2,0,12
BRDA:4,2,1,12
BRDA:7,3,0,12
BRDA:7,3,1,12
BRDA:8,4,0,12
BRDA:8,4,1,12
BRDA:11,5,0,1
BRDA:11,5,1,1
BRDA:11,5,2,1
BRDA:12,6,0,2
BRDA:12,6,1,0
BRDA:12,7,0,2
BRDA:12,7,1,2
BRDA:24,8,0,1
BRDA:24,8,1,1
BRF:20
BRH:18
end_of_record
TN:
SF:dist\controllers\user_controller.js
FN:2,(anonymous_0)
FN:3,adopt
FN:3,(anonymous_2)
FN:4,(anonymous_3)
FN:5,fulfilled
FN:6,rejected
FN:7,step
FN:11,(anonymous_7)
FN:18,(anonymous_8)
FN:18,(anonymous_9)
FN:21,(anonymous_10)
FN:21,(anonymous_11)
FN:24,(anonymous_12)
FN:24,(anonymous_13)
FN:28,(anonymous_14)
FN:28,(anonymous_15)
FN:32,(anonymous_16)
FN:32,(anonymous_17)
FNF:18
FNH:1
FNDA:0,(anonymous_0)
FNDA:0,adopt
FNDA:0,(anonymous_2)
FNDA:0,(anonymous_3)
FNDA:0,fulfilled
FNDA:0,rejected
FNDA:0,step
FNDA:2,(anonymous_7)
FNDA:0,(anonymous_8)
FNDA:0,(anonymous_9)
FNDA:0,(anonymous_10)
FNDA:0,(anonymous_11)
FNDA:0,(anonymous_12)
FNDA:0,(anonymous_13)
FNDA:0,(anonymous_14)
FNDA:0,(anonymous_15)
FNDA:0,(anonymous_16)
FNDA:0,(anonymous_17)
DA:2,1
DA:3,0
DA:4,0
DA:5,0
DA:6,0
DA:7,0
DA:8,0
DA:11,1
DA:12,2
DA:14,1
DA:15,1
DA:16,1
DA:17,1
DA:18,1
DA:19,0
DA:21,1
DA:22,0
DA:24,1
DA:25,0
DA:26,0
DA:28,1
DA:29,0
DA:30,0
DA:32,1
DA:33,0
DA:34,0
DA:36,1
LF:27
LH:13
BRDA:2,0,0,1
BRDA:2,0,1,1
BRDA:2,0,2,1
BRDA:3,1,0,0
BRDA:3,1,1,0
BRDA:4,2,0,0
BRDA:4,2,1,0
BRDA:7,3,0,0
BRDA:7,3,1,0
BRDA:8,4,0,0
BRDA:8,4,1,0
BRDA:11,5,0,1
BRDA:11,5,1,1
BRDA:11,5,2,1
BRDA:12,6,0,2
BRDA:12,6,1,0
BRDA:12,7,0,2
BRDA:12,7,1,2
BRF:18
BRH:9
end_of_record
TN:
SF:dist\models\comments_model.js
FNF:0
FNH:0
DA:2,1
DA:3,1
DA:4,1
DA:19,1
DA:20,1
LF:5
LH:5
BRF:0
BRH:0
end_of_record
TN:
SF:dist\models\post_model.js
FNF:0
FNH:0
DA:2,1
DA:3,1
DA:4,1
DA:15,1
DA:16,1
LF:5
LH:5
BRF:0
BRH:0
end_of_record
TN:
SF:dist\models\user_model.js
FNF:0
FNH:0
DA:2,1
DA:3,1
DA:4,1
DA:23,1
DA:24,1
LF:5
LH:5
BRF:0
BRH:0
end_of_record
TN:
SF:dist\routes\auth_routes.js
FN:2,(anonymous_0)
FNF:1
FNH:1
FNDA:2,(anonymous_0)
DA:2,1
DA:3,2
DA:5,1
DA:6,1
DA:7,1
DA:8,1
DA:64,1
DA:107,1
DA:133,1
DA:170,1
DA:171,1
LF:11
LH:11
BRDA:2,0,0,1
BRDA:2,0,1,1
BRDA:2,0,2,1
BRDA:3,1,0,1
BRDA:3,1,1,1
BRDA:3,2,0,2
BRDA:3,2,1,2
BRF:7
BRH:7
end_of_record
TN:
SF:dist\routes\comments_routes.js
FN:2,(anonymous_0)
FNF:1
FNH:1
FNDA:2,(anonymous_0)
DA:2,1
DA:3,2
DA:5,1
DA:6,1
DA:7,1
DA:8,1
DA:9,1
DA:10,1
DA:49,1
DA:63,1
DA:88,1
DA:123,1
DA:148,1
DA:149,1
LF:14
LH:14
BRDA:2,0,0,1
BRDA:2,0,1,1
BRDA:2,0,2,1
BRDA:3,1,0,1
BRDA:3,1,1,1
BRDA:3,2,0,2
BRDA:3,2,1,2
BRF:7
BRH:7
end_of_record
TN:
SF:dist\routes\posts_routes.js
FN:2,(anonymous_0)
FNF:1
FNH:1
FNDA:2,(anonymous_0)
DA:2,1
DA:3,2
DA:5,1
DA:6,1
DA:7,1
DA:8,1
DA:9,1
DA:16,1
DA:48,1
DA:73,1
DA:87,1
DA:125,1
DA:150,1
DA:151,1
LF:14
LH:14
BRDA:2,0,0,1
BRDA:2,0,1,1
BRDA:2,0,2,1
BRDA:3,1,0,1
BRDA:3,1,1,1
BRDA:3,2,0,2
BRDA:3,2,1,2
BRF:7
BRH:7
end_of_record
TN:
SF:dist\routes\users_routes.js
FN:2,(anonymous_0)
FNF:1
FNH:1
FNDA:2,(anonymous_0)
DA:2,1
DA:3,2
DA:5,1
DA:6,1
DA:7,1
DA:8,1
DA:9,1
DA:10,1
DA:48,1
DA:62,1
DA:87,1
DA:128,1
DA:153,1
DA:154,1
LF:14
LH:14
BRDA:2,0,0,1
BRDA:2,0,1,1
BRDA:2,0,2,1
BRDA:3,1,0,1
BRDA:3,1,1,1
BRDA:3,2,0,2
BRDA:3,2,1,2
BRF:7
BRH:7
end_of_record
TN:
SF:models\comments_model.ts
FNF:0
FNH:0
DA:1,4
DA:9,4
DA:25,4
DA:26,4
LF:4
LH:4
BRF:0
BRH:0
end_of_record
TN:
SF:models\post_model.ts
FNF:0
FNH:0
DA:1,4
DA:9,4
DA:21,4
DA:22,4
LF:4
LH:4
BRF:0
BRH:0
end_of_record
TN:
SF:models\user_model.ts
FNF:0
FNH:0
DA:1,4
DA:10,4
DA:31,4
DA:32,4
LF:4
LH:4
BRF:0
BRH:0
end_of_record
TN:
SF:routes\auth_routes.ts
FNF:0
FNH:0
DA:1,4
DA:2,4
DA:4,4
DA:63,4
DA:108,4
DA:136,4
DA:175,4
DA:177,4
LF:8
LH:8
BRF:0
BRH:0
end_of_record
TN:
SF:routes\comments_routes.ts
FNF:0
FNH:0
DA:1,4
DA:2,4
DA:3,4
DA:5,4
DA:7,4
DA:49,4
DA:65,4
DA:92,4
DA:129,4
DA:156,4
DA:158,4
LF:11
LH:11
BRF:0
BRH:0
end_of_record
TN:
SF:routes\posts_routes.ts
FNF:0
FNH:0
DA:1,4
DA:2,4
DA:3,4
DA:5,4
DA:14,4
DA:48,4
DA:75,4
DA:91,4
DA:131,4
DA:158,4
DA:160,4
LF:11
LH:11
BRF:0
BRH:0
end_of_record
TN:
SF:routes\users_routes.ts
FNF:0
FNH:0
DA:1,4
DA:2,4
DA:3,4
DA:5,4
DA:7,4
DA:46,4
DA:61,4
DA:87,4
DA:129,4
DA:155,4
DA:157,4
LF:11
LH:11
BRF:0
BRH:0
end_of_record
